[2.093s] Invoking command in '/home/ny/ros2_ws/src/turtle_control': PYTHONPATH=/home/ny/ros2_ws/build/turtle_control/prefix_override:/usr/lib/python3/dist-packages/colcon_core/task/python/colcon_distutils_commands:/home/ny/ros2_ws/install/turtle_control/lib/python3.10/site-packages:${PYTHONPATH} /usr/bin/python3 -W ignore:setup.py install is deprecated -W ignore:easy_install command is deprecated setup.py egg_info --egg-base ../../build/turtle_control build --build-base /home/ny/ros2_ws/build/turtle_control/build install --record /home/ny/ros2_ws/build/turtle_control/install.log --single-version-externally-managed install_data
[2.464s] running egg_info
[2.464s] writing ../../build/turtle_control/turtle_control.egg-info/PKG-INFO
[2.464s] writing dependency_links to ../../build/turtle_control/turtle_control.egg-info/dependency_links.txt
[2.465s] writing entry points to ../../build/turtle_control/turtle_control.egg-info/entry_points.txt
[2.465s] writing requirements to ../../build/turtle_control/turtle_control.egg-info/requires.txt
[2.465s] writing top-level names to ../../build/turtle_control/turtle_control.egg-info/top_level.txt
[2.469s] reading manifest file '../../build/turtle_control/turtle_control.egg-info/SOURCES.txt'
[2.471s] writing manifest file '../../build/turtle_control/turtle_control.egg-info/SOURCES.txt'
[2.472s] running build
[2.472s] running build_py
[2.472s] running install
[2.472s] running install_lib
[2.473s] running install_data
[2.473s] running install_egg_info
[2.476s] removing '/home/ny/ros2_ws/install/turtle_control/lib/python3.10/site-packages/turtle_control-0.0.0-py3.10.egg-info' (and everything under it)
[2.477s] Copying ../../build/turtle_control/turtle_control.egg-info to /home/ny/ros2_ws/install/turtle_control/lib/python3.10/site-packages/turtle_control-0.0.0-py3.10.egg-info
[2.481s] running install_scripts
[2.517s] Installing turtle_controller_node script to /home/ny/ros2_ws/install/turtle_control/lib/turtle_control
[2.517s] writing list of installed files to '/home/ny/ros2_ws/build/turtle_control/install.log'
[2.562s] Invoked command in '/home/ny/ros2_ws/src/turtle_control' returned '0': PYTHONPATH=/home/ny/ros2_ws/build/turtle_control/prefix_override:/usr/lib/python3/dist-packages/colcon_core/task/python/colcon_distutils_commands:/home/ny/ros2_ws/install/turtle_control/lib/python3.10/site-packages:${PYTHONPATH} /usr/bin/python3 -W ignore:setup.py install is deprecated -W ignore:easy_install command is deprecated setup.py egg_info --egg-base ../../build/turtle_control build --build-base /home/ny/ros2_ws/build/turtle_control/build install --record /home/ny/ros2_ws/build/turtle_control/install.log --single-version-externally-managed install_data
