[0.902s] Invoking command in '/home/ny/ros2_ws/src/turtle_spawner': PYTHONPATH=/home/ny/ros2_ws/build/turtle_spawner/prefix_override:/usr/lib/python3/dist-packages/colcon_core/task/python/colcon_distutils_commands:/home/ny/ros2_ws/install/turtle_spawner/lib/python3.10/site-packages:${PYTHONPATH} /usr/bin/python3 -W ignore:setup.py install is deprecated -W ignore:easy_install command is deprecated setup.py egg_info --egg-base ../../build/turtle_spawner build --build-base /home/ny/ros2_ws/build/turtle_spawner/build install --record /home/ny/ros2_ws/build/turtle_spawner/install.log --single-version-externally-managed install_data
[1.255s] running egg_info
[1.255s] creating ../../build/turtle_spawner/turtle_spawner.egg-info
[1.259s] writing ../../build/turtle_spawner/turtle_spawner.egg-info/PKG-INFO
[1.259s] writing dependency_links to ../../build/turtle_spawner/turtle_spawner.egg-info/dependency_links.txt
[1.260s] writing entry points to ../../build/turtle_spawner/turtle_spawner.egg-info/entry_points.txt
[1.260s] writing requirements to ../../build/turtle_spawner/turtle_spawner.egg-info/requires.txt
[1.260s] writing top-level names to ../../build/turtle_spawner/turtle_spawner.egg-info/top_level.txt
[1.260s] writing manifest file '../../build/turtle_spawner/turtle_spawner.egg-info/SOURCES.txt'
[1.260s] reading manifest file '../../build/turtle_spawner/turtle_spawner.egg-info/SOURCES.txt'
[1.260s] writing manifest file '../../build/turtle_spawner/turtle_spawner.egg-info/SOURCES.txt'
[1.260s] running build
[1.261s] running build_py
[1.261s] creating /home/ny/ros2_ws/build/turtle_spawner/build
[1.261s] creating /home/ny/ros2_ws/build/turtle_spawner/build/lib
[1.261s] creating /home/ny/ros2_ws/build/turtle_spawner/build/lib/turtle_spawner
[1.261s] copying turtle_spawner/__init__.py -> /home/ny/ros2_ws/build/turtle_spawner/build/lib/turtle_spawner
[1.261s] running install
[1.262s] running install_lib
[1.263s] creating /home/ny/ros2_ws/install/turtle_spawner/lib/python3.10/site-packages/turtle_spawner
[1.263s] copying /home/ny/ros2_ws/build/turtle_spawner/build/lib/turtle_spawner/__init__.py -> /home/ny/ros2_ws/install/turtle_spawner/lib/python3.10/site-packages/turtle_spawner
[1.264s] byte-compiling /home/ny/ros2_ws/install/turtle_spawner/lib/python3.10/site-packages/turtle_spawner/__init__.py to __init__.cpython-310.pyc
[1.265s] running install_data
[1.265s] creating /home/ny/ros2_ws/install/turtle_spawner/share/ament_index
[1.266s] creating /home/ny/ros2_ws/install/turtle_spawner/share/ament_index/resource_index
[1.266s] creating /home/ny/ros2_ws/install/turtle_spawner/share/ament_index/resource_index/packages
[1.266s] copying resource/turtle_spawner -> /home/ny/ros2_ws/install/turtle_spawner/share/ament_index/resource_index/packages
[1.266s] copying package.xml -> /home/ny/ros2_ws/install/turtle_spawner/share/turtle_spawner
[1.266s] running install_egg_info
[1.270s] Copying ../../build/turtle_spawner/turtle_spawner.egg-info to /home/ny/ros2_ws/install/turtle_spawner/lib/python3.10/site-packages/turtle_spawner-0.0.0-py3.10.egg-info
[1.272s] running install_scripts
[1.301s] writing list of installed files to '/home/ny/ros2_ws/build/turtle_spawner/install.log'
[1.330s] Invoked command in '/home/ny/ros2_ws/src/turtle_spawner' returned '0': PYTHONPATH=/home/ny/ros2_ws/build/turtle_spawner/prefix_override:/usr/lib/python3/dist-packages/colcon_core/task/python/colcon_distutils_commands:/home/ny/ros2_ws/install/turtle_spawner/lib/python3.10/site-packages:${PYTHONPATH} /usr/bin/python3 -W ignore:setup.py install is deprecated -W ignore:easy_install command is deprecated setup.py egg_info --egg-base ../../build/turtle_spawner build --build-base /home/ny/ros2_ws/build/turtle_spawner/build install --record /home/ny/ros2_ws/build/turtle_spawner/install.log --single-version-externally-managed install_data
