[1.683s] Invoking command in '/home/ny/ros2_ws/src/turtle_control': PYTHONPATH=/home/ny/ros2_ws/build/turtle_control/prefix_override:/usr/lib/python3/dist-packages/colcon_core/task/python/colcon_distutils_commands:/home/ny/ros2_ws/install/turtle_control/lib/python3.10/site-packages:${PYTHONPATH} /usr/bin/python3 -W ignore:setup.py install is deprecated -W ignore:easy_install command is deprecated setup.py egg_info --egg-base ../../build/turtle_control build --build-base /home/ny/ros2_ws/build/turtle_control/build install --record /home/ny/ros2_ws/build/turtle_control/install.log --single-version-externally-managed install_data
[2.050s] running egg_info
[2.052s] writing ../../build/turtle_control/turtle_control.egg-info/PKG-INFO
[2.053s] writing dependency_links to ../../build/turtle_control/turtle_control.egg-info/dependency_links.txt
[2.053s] writing entry points to ../../build/turtle_control/turtle_control.egg-info/entry_points.txt
[2.053s] writing requirements to ../../build/turtle_control/turtle_control.egg-info/requires.txt
[2.054s] writing top-level names to ../../build/turtle_control/turtle_control.egg-info/top_level.txt
[2.058s] reading manifest file '../../build/turtle_control/turtle_control.egg-info/SOURCES.txt'
[2.061s] writing manifest file '../../build/turtle_control/turtle_control.egg-info/SOURCES.txt'
[2.061s] running build
[2.061s] running build_py
[2.061s] copying turtle_control/turtle_controller_node.py -> /home/ny/ros2_ws/build/turtle_control/build/lib/turtle_control
[2.061s] running install
[2.061s] running install_lib
[2.061s] copying /home/ny/ros2_ws/build/turtle_control/build/lib/turtle_control/turtle_controller_node.py -> /home/ny/ros2_ws/install/turtle_control/lib/python3.10/site-packages/turtle_control
[2.070s] byte-compiling /home/ny/ros2_ws/install/turtle_control/lib/python3.10/site-packages/turtle_control/turtle_controller_node.py to turtle_controller_node.cpython-310.pyc
[2.073s] running install_data
[2.073s] running install_egg_info
[2.073s] removing '/home/ny/ros2_ws/install/turtle_control/lib/python3.10/site-packages/turtle_control-0.0.0-py3.10.egg-info' (and everything under it)
[2.073s] Copying ../../build/turtle_control/turtle_control.egg-info to /home/ny/ros2_ws/install/turtle_control/lib/python3.10/site-packages/turtle_control-0.0.0-py3.10.egg-info
[2.077s] running install_scripts
[2.121s] Installing turtle_controller script to /home/ny/ros2_ws/install/turtle_control/lib/turtle_control
[2.121s] writing list of installed files to '/home/ny/ros2_ws/build/turtle_control/install.log'
[2.169s] Invoked command in '/home/ny/ros2_ws/src/turtle_control' returned '0': PYTHONPATH=/home/ny/ros2_ws/build/turtle_control/prefix_override:/usr/lib/python3/dist-packages/colcon_core/task/python/colcon_distutils_commands:/home/ny/ros2_ws/install/turtle_control/lib/python3.10/site-packages:${PYTHONPATH} /usr/bin/python3 -W ignore:setup.py install is deprecated -W ignore:easy_install command is deprecated setup.py egg_info --egg-base ../../build/turtle_control build --build-base /home/ny/ros2_ws/build/turtle_control/build install --record /home/ny/ros2_ws/build/turtle_control/install.log --single-version-externally-managed install_data
