[3.090s] Invoking command in '/home/yara/Desktop/catch_turtle/build/turtle_spawner': DEBUGINFOD_URLS=https://debuginfod.ubuntu.com PYTHONPATH=/home/yara/Desktop/catch_turtle/build/turtle_spawner/prefix_override:/usr/lib/python3/dist-packages/colcon_core/task/python/colcon_distutils_commands:/home/yara/Desktop/catch_turtle/install/turtle_spawner/lib/python3.12/site-packages:${PYTHONPATH} /usr/bin/python3 -W ignore:setup.py install is deprecated -W ignore:easy_install command is deprecated setup.py develop --editable --build-directory /home/yara/Desktop/catch_turtle/build/turtle_spawner/build --no-deps symlink_data
[4.219s] running develop
[4.784s] running egg_info
[4.784s] creating turtle_spawner.egg-info
[4.838s] writing turtle_spawner.egg-info/PKG-INFO
[4.850s] writing dependency_links to turtle_spawner.egg-info/dependency_links.txt
[4.852s] writing entry points to turtle_spawner.egg-info/entry_points.txt
[4.852s] writing requirements to turtle_spawner.egg-info/requires.txt
[4.852s] writing top-level names to turtle_spawner.egg-info/top_level.txt
[4.853s] writing manifest file 'turtle_spawner.egg-info/SOURCES.txt'
[4.947s] reading manifest file 'turtle_spawner.egg-info/SOURCES.txt'
[4.947s] writing manifest file 'turtle_spawner.egg-info/SOURCES.txt'
[5.033s] running build_ext
[5.035s] Creating /home/yara/Desktop/catch_turtle/install/turtle_spawner/lib/python3.12/site-packages/turtle-spawner.egg-link (link to .)
[5.038s] Installing spawner script to /home/yara/Desktop/catch_turtle/install/turtle_spawner/lib/turtle_spawner
[5.039s] 
[5.039s] Installed /home/yara/Desktop/catch_turtle/build/turtle_spawner
[5.039s] running symlink_data
[5.039s] creating /home/yara/Desktop/catch_turtle/install/turtle_spawner/share/ament_index
[5.039s] creating /home/yara/Desktop/catch_turtle/install/turtle_spawner/share/ament_index/resource_index
[5.040s] creating /home/yara/Desktop/catch_turtle/install/turtle_spawner/share/ament_index/resource_index/packages
[5.040s] symbolically linking /home/yara/Desktop/catch_turtle/build/turtle_spawner/resource/turtle_spawner -> /home/yara/Desktop/catch_turtle/install/turtle_spawner/share/ament_index/resource_index/packages
[5.040s] symbolically linking /home/yara/Desktop/catch_turtle/build/turtle_spawner/package.xml -> /home/yara/Desktop/catch_turtle/install/turtle_spawner/share/turtle_spawner
[5.209s] Invoked command in '/home/yara/Desktop/catch_turtle/build/turtle_spawner' returned '0': DEBUGINFOD_URLS=https://debuginfod.ubuntu.com PYTHONPATH=/home/yara/Desktop/catch_turtle/build/turtle_spawner/prefix_override:/usr/lib/python3/dist-packages/colcon_core/task/python/colcon_distutils_commands:/home/yara/Desktop/catch_turtle/install/turtle_spawner/lib/python3.12/site-packages:${PYTHONPATH} /usr/bin/python3 -W ignore:setup.py install is deprecated -W ignore:easy_install command is deprecated setup.py develop --editable --build-directory /home/yara/Desktop/catch_turtle/build/turtle_spawner/build --no-deps symlink_data
