running egg_info
creating ../../build/turtle_spawner/turtle_spawner.egg-info
writing ../../build/turtle_spawner/turtle_spawner.egg-info/PKG-INFO
writing dependency_links to ../../build/turtle_spawner/turtle_spawner.egg-info/dependency_links.txt
writing requirements to ../../build/turtle_spawner/turtle_spawner.egg-info/requires.txt
writing top-level names to ../../build/turtle_spawner/turtle_spawner.egg-info/top_level.txt
writing manifest file '../../build/turtle_spawner/turtle_spawner.egg-info/SOURCES.txt'
reading manifest file '../../build/turtle_spawner/turtle_spawner.egg-info/SOURCES.txt'
writing manifest file '../../build/turtle_spawner/turtle_spawner.egg-info/SOURCES.txt'
running build
running build_py
creating /home/yara/Desktop/catch_turtle/build/turtle_spawner/build
creating /home/yara/Desktop/catch_turtle/build/turtle_spawner/build/lib
creating /home/yara/Desktop/catch_turtle/build/turtle_spawner/build/lib/turtle_spawner
copying turtle_spawner/__init__.py -> /home/yara/Desktop/catch_turtle/build/turtle_spawner/build/lib/turtle_spawner
running install
running install_lib
creating /home/yara/Desktop/catch_turtle/install/turtle_spawner/lib/python3.12/site-packages/turtle_spawner
copying /home/yara/Desktop/catch_turtle/build/turtle_spawner/build/lib/turtle_spawner/__init__.py -> /home/yara/Desktop/catch_turtle/install/turtle_spawner/lib/python3.12/site-packages/turtle_spawner
byte-compiling /home/yara/Desktop/catch_turtle/install/turtle_spawner/lib/python3.12/site-packages/turtle_spawner/__init__.py to __init__.cpython-312.pyc
running install_data
creating /home/yara/Desktop/catch_turtle/install/turtle_spawner/share/ament_index
creating /home/yara/Desktop/catch_turtle/install/turtle_spawner/share/ament_index/resource_index
creating /home/yara/Desktop/catch_turtle/install/turtle_spawner/share/ament_index/resource_index/packages
copying resource/turtle_spawner -> /home/yara/Desktop/catch_turtle/install/turtle_spawner/share/ament_index/resource_index/packages
copying package.xml -> /home/yara/Desktop/catch_turtle/install/turtle_spawner/share/turtle_spawner
running install_egg_info
Copying ../../build/turtle_spawner/turtle_spawner.egg-info to /home/yara/Desktop/catch_turtle/install/turtle_spawner/lib/python3.12/site-packages/turtle_spawner-0.0.0-py3.12.egg-info
running install_scripts
writing list of installed files to '/home/yara/Desktop/catch_turtle/build/turtle_spawner/install.log'
