[1.522s] Invoking command in '/home/yara/Desktop/catch_turtle/src/turtle_spawner': DEBUGINFOD_URLS=https://debuginfod.ubuntu.com PYTHONPATH=/home/yara/Desktop/catch_turtle/build/turtle_spawner/prefix_override:/usr/lib/python3/dist-packages/colcon_core/task/python/colcon_distutils_commands:/home/yara/Desktop/catch_turtle/install/turtle_spawner/lib/python3.12/site-packages:${PYTHONPATH} /usr/bin/python3 -W ignore:setup.py install is deprecated -W ignore:easy_install command is deprecated setup.py egg_info --egg-base ../../build/turtle_spawner build --build-base /home/yara/Desktop/catch_turtle/build/turtle_spawner/build install --record /home/yara/Desktop/catch_turtle/build/turtle_spawner/install.log --single-version-externally-managed install_data
[1.938s] running egg_info
[1.940s] creating ../../build/turtle_spawner/turtle_spawner.egg-info
[2.020s] writing ../../build/turtle_spawner/turtle_spawner.egg-info/PKG-INFO
[2.020s] writing dependency_links to ../../build/turtle_spawner/turtle_spawner.egg-info/dependency_links.txt
[2.020s] writing requirements to ../../build/turtle_spawner/turtle_spawner.egg-info/requires.txt
[2.021s] writing top-level names to ../../build/turtle_spawner/turtle_spawner.egg-info/top_level.txt
[2.022s] writing manifest file '../../build/turtle_spawner/turtle_spawner.egg-info/SOURCES.txt'
[2.155s] reading manifest file '../../build/turtle_spawner/turtle_spawner.egg-info/SOURCES.txt'
[2.156s] writing manifest file '../../build/turtle_spawner/turtle_spawner.egg-info/SOURCES.txt'
[2.157s] running build
[2.158s] running build_py
[2.158s] creating /home/yara/Desktop/catch_turtle/build/turtle_spawner/build
[2.158s] creating /home/yara/Desktop/catch_turtle/build/turtle_spawner/build/lib
[2.158s] creating /home/yara/Desktop/catch_turtle/build/turtle_spawner/build/lib/turtle_spawner
[2.159s] copying turtle_spawner/__init__.py -> /home/yara/Desktop/catch_turtle/build/turtle_spawner/build/lib/turtle_spawner
[2.162s] running install
[2.177s] running install_lib
[2.241s] creating /home/yara/Desktop/catch_turtle/install/turtle_spawner/lib/python3.12/site-packages/turtle_spawner
[2.241s] copying /home/yara/Desktop/catch_turtle/build/turtle_spawner/build/lib/turtle_spawner/__init__.py -> /home/yara/Desktop/catch_turtle/install/turtle_spawner/lib/python3.12/site-packages/turtle_spawner
[2.242s] byte-compiling /home/yara/Desktop/catch_turtle/install/turtle_spawner/lib/python3.12/site-packages/turtle_spawner/__init__.py to __init__.cpython-312.pyc
[2.243s] running install_data
[2.243s] creating /home/yara/Desktop/catch_turtle/install/turtle_spawner/share/ament_index
[2.247s] creating /home/yara/Desktop/catch_turtle/install/turtle_spawner/share/ament_index/resource_index
[2.247s] creating /home/yara/Desktop/catch_turtle/install/turtle_spawner/share/ament_index/resource_index/packages
[2.254s] copying resource/turtle_spawner -> /home/yara/Desktop/catch_turtle/install/turtle_spawner/share/ament_index/resource_index/packages
[2.254s] copying package.xml -> /home/yara/Desktop/catch_turtle/install/turtle_spawner/share/turtle_spawner
[2.254s] running install_egg_info
[2.318s] Copying ../../build/turtle_spawner/turtle_spawner.egg-info to /home/yara/Desktop/catch_turtle/install/turtle_spawner/lib/python3.12/site-packages/turtle_spawner-0.0.0-py3.12.egg-info
[2.322s] running install_scripts
[2.552s] writing list of installed files to '/home/yara/Desktop/catch_turtle/build/turtle_spawner/install.log'
[2.611s] Invoked command in '/home/yara/Desktop/catch_turtle/src/turtle_spawner' returned '0': DEBUGINFOD_URLS=https://debuginfod.ubuntu.com PYTHONPATH=/home/yara/Desktop/catch_turtle/build/turtle_spawner/prefix_override:/usr/lib/python3/dist-packages/colcon_core/task/python/colcon_distutils_commands:/home/yara/Desktop/catch_turtle/install/turtle_spawner/lib/python3.12/site-packages:${PYTHONPATH} /usr/bin/python3 -W ignore:setup.py install is deprecated -W ignore:easy_install command is deprecated setup.py egg_info --egg-base ../../build/turtle_spawner build --build-base /home/yara/Desktop/catch_turtle/build/turtle_spawner/build install --record /home/yara/Desktop/catch_turtle/build/turtle_spawner/install.log --single-version-externally-managed install_data
