[0.127s] DEBUG:colcon:Command line arguments: ['/usr/bin/colcon', 'build']
[0.127s] DEBUG:colcon:Parsed command line arguments: Namespace(log_base=None, log_level=None, verb_name='build', build_base='build', install_base='install', merge_install=False, symlink_install=False, test_result_base=None, continue_on_error=False, executor='parallel', parallel_workers=4, event_handlers=None, ignore_user_meta=False, metas=['./colcon.meta'], base_paths=['.'], packages_ignore=None, packages_ignore_regex=None, paths=None, packages_up_to=None, packages_up_to_regex=None, packages_above=None, packages_above_and_dependencies=None, packages_above_depth=None, packages_select_by_dep=None, packages_skip_by_dep=None, packages_skip_up_to=None, packages_select_build_failed=False, packages_skip_build_finished=False, packages_select_test_failures=False, packages_skip_test_passed=False, packages_select=None, packages_skip=None, packages_select_regex=None, packages_skip_regex=None, packages_start=None, packages_end=None, allow_overriding=[], cmake_args=None, cmake_target=None, cmake_target_skip_unavailable=False, cmake_clean_cache=False, cmake_clean_first=False, cmake_force_configure=False, ament_cmake_args=None, catkin_cmake_args=None, catkin_skip_building_tests=False, verb_parser=<colcon_defaults.argument_parser.defaults.DefaultArgumentsDecorator object at 0x7e4703e1fcd0>, verb_extension=<colcon_core.verb.build.BuildVerb object at 0x7e4703e1f7c0>, main=<bound method BuildVerb.main of <colcon_core.verb.build.BuildVerb object at 0x7e4703e1f7c0>>)
[0.306s] Level 1:colcon.colcon_core.package_discovery:discover_packages(colcon_meta) check parameters
[0.306s] Level 1:colcon.colcon_core.package_discovery:discover_packages(recursive) check parameters
[0.306s] Level 1:colcon.colcon_core.package_discovery:discover_packages(ignore) check parameters
[0.306s] Level 1:colcon.colcon_core.package_discovery:discover_packages(path) check parameters
[0.306s] Level 1:colcon.colcon_core.package_discovery:discover_packages(colcon_meta) discover
[0.306s] Level 1:colcon.colcon_core.package_discovery:discover_packages(recursive) discover
[0.306s] INFO:colcon.colcon_core.package_discovery:Crawling recursively for packages in '/home/ny/ros2_ws'
[0.306s] Level 1:colcon.colcon_core.package_identification:_identify(.) by extensions ['ignore', 'ignore_ament_install']
[0.306s] Level 1:colcon.colcon_core.package_identification:_identify(.) by extension 'ignore'
[0.306s] Level 1:colcon.colcon_core.package_identification:_identify(.) by extension 'ignore_ament_install'
[0.306s] Level 1:colcon.colcon_core.package_identification:_identify(.) by extensions ['colcon_pkg']
[0.306s] Level 1:colcon.colcon_core.package_identification:_identify(.) by extension 'colcon_pkg'
[0.306s] Level 1:colcon.colcon_core.package_identification:_identify(.) by extensions ['colcon_meta']
[0.306s] Level 1:colcon.colcon_core.package_identification:_identify(.) by extension 'colcon_meta'
[0.306s] Level 1:colcon.colcon_core.package_identification:_identify(.) by extensions ['ros']
[0.307s] Level 1:colcon.colcon_core.package_identification:_identify(.) by extension 'ros'
[0.320s] Level 1:colcon.colcon_core.package_identification:_identify(.) by extensions ['cmake', 'python']
[0.320s] Level 1:colcon.colcon_core.package_identification:_identify(.) by extension 'cmake'
[0.321s] Level 1:colcon.colcon_core.package_identification:_identify(.) by extension 'python'
[0.321s] Level 1:colcon.colcon_core.package_identification:_identify(.) by extensions ['python_setup_py']
[0.321s] Level 1:colcon.colcon_core.package_identification:_identify(.) by extension 'python_setup_py'
[0.321s] Level 1:colcon.colcon_core.package_identification:_identify(build) by extensions ['ignore', 'ignore_ament_install']
[0.321s] Level 1:colcon.colcon_core.package_identification:_identify(build) by extension 'ignore'
[0.321s] Level 1:colcon.colcon_core.package_identification:_identify(build) ignored
[0.321s] Level 1:colcon.colcon_core.package_identification:_identify(install) by extensions ['ignore', 'ignore_ament_install']
[0.321s] Level 1:colcon.colcon_core.package_identification:_identify(install) by extension 'ignore'
[0.321s] Level 1:colcon.colcon_core.package_identification:_identify(install) ignored
[0.321s] Level 1:colcon.colcon_core.package_identification:_identify(log) by extensions ['ignore', 'ignore_ament_install']
[0.321s] Level 1:colcon.colcon_core.package_identification:_identify(log) by extension 'ignore'
[0.321s] Level 1:colcon.colcon_core.package_identification:_identify(log) ignored
[0.322s] Level 1:colcon.colcon_core.package_identification:_identify(src) by extensions ['ignore', 'ignore_ament_install']
[0.322s] Level 1:colcon.colcon_core.package_identification:_identify(src) by extension 'ignore'
[0.322s] Level 1:colcon.colcon_core.package_identification:_identify(src) by extension 'ignore_ament_install'
[0.322s] Level 1:colcon.colcon_core.package_identification:_identify(src) by extensions ['colcon_pkg']
[0.322s] Level 1:colcon.colcon_core.package_identification:_identify(src) by extension 'colcon_pkg'
[0.322s] Level 1:colcon.colcon_core.package_identification:_identify(src) by extensions ['colcon_meta']
[0.322s] Level 1:colcon.colcon_core.package_identification:_identify(src) by extension 'colcon_meta'
[0.322s] Level 1:colcon.colcon_core.package_identification:_identify(src) by extensions ['ros']
[0.322s] Level 1:colcon.colcon_core.package_identification:_identify(src) by extension 'ros'
[0.322s] Level 1:colcon.colcon_core.package_identification:_identify(src) by extensions ['cmake', 'python']
[0.322s] Level 1:colcon.colcon_core.package_identification:_identify(src) by extension 'cmake'
[0.322s] Level 1:colcon.colcon_core.package_identification:_identify(src) by extension 'python'
[0.322s] Level 1:colcon.colcon_core.package_identification:_identify(src) by extensions ['python_setup_py']
[0.322s] Level 1:colcon.colcon_core.package_identification:_identify(src) by extension 'python_setup_py'
[0.323s] Level 1:colcon.colcon_core.package_identification:_identify(src/turtle_chain) by extensions ['ignore', 'ignore_ament_install']
[0.323s] Level 1:colcon.colcon_core.package_identification:_identify(src/turtle_chain) by extension 'ignore'
[0.323s] Level 1:colcon.colcon_core.package_identification:_identify(src/turtle_chain) by extension 'ignore_ament_install'
[0.323s] Level 1:colcon.colcon_core.package_identification:_identify(src/turtle_chain) by extensions ['colcon_pkg']
[0.323s] Level 1:colcon.colcon_core.package_identification:_identify(src/turtle_chain) by extension 'colcon_pkg'
[0.323s] Level 1:colcon.colcon_core.package_identification:_identify(src/turtle_chain) by extensions ['colcon_meta']
[0.323s] Level 1:colcon.colcon_core.package_identification:_identify(src/turtle_chain) by extension 'colcon_meta'
[0.323s] Level 1:colcon.colcon_core.package_identification:_identify(src/turtle_chain) by extensions ['ros']
[0.323s] Level 1:colcon.colcon_core.package_identification:_identify(src/turtle_chain) by extension 'ros'
[0.326s] DEBUG:colcon.colcon_core.package_identification:Package 'src/turtle_chain' with type 'ros.ament_python' and name 'turtle_chain'
[0.326s] Level 1:colcon.colcon_core.package_identification:_identify(src/turtle_control) by extensions ['ignore', 'ignore_ament_install']
[0.326s] Level 1:colcon.colcon_core.package_identification:_identify(src/turtle_control) by extension 'ignore'
[0.326s] Level 1:colcon.colcon_core.package_identification:_identify(src/turtle_control) by extension 'ignore_ament_install'
[0.326s] Level 1:colcon.colcon_core.package_identification:_identify(src/turtle_control) by extensions ['colcon_pkg']
[0.326s] Level 1:colcon.colcon_core.package_identification:_identify(src/turtle_control) by extension 'colcon_pkg'
[0.326s] Level 1:colcon.colcon_core.package_identification:_identify(src/turtle_control) by extensions ['colcon_meta']
[0.326s] Level 1:colcon.colcon_core.package_identification:_identify(src/turtle_control) by extension 'colcon_meta'
[0.326s] Level 1:colcon.colcon_core.package_identification:_identify(src/turtle_control) by extensions ['ros']
[0.326s] Level 1:colcon.colcon_core.package_identification:_identify(src/turtle_control) by extension 'ros'
[0.327s] DEBUG:colcon.colcon_core.package_identification:Package 'src/turtle_control' with type 'ros.ament_python' and name 'turtle_control'
[0.327s] Level 1:colcon.colcon_core.package_identification:_identify(src/turtle_decision) by extensions ['ignore', 'ignore_ament_install']
[0.327s] Level 1:colcon.colcon_core.package_identification:_identify(src/turtle_decision) by extension 'ignore'
[0.327s] Level 1:colcon.colcon_core.package_identification:_identify(src/turtle_decision) by extension 'ignore_ament_install'
[0.328s] Level 1:colcon.colcon_core.package_identification:_identify(src/turtle_decision) by extensions ['colcon_pkg']
[0.328s] Level 1:colcon.colcon_core.package_identification:_identify(src/turtle_decision) by extension 'colcon_pkg'
[0.328s] Level 1:colcon.colcon_core.package_identification:_identify(src/turtle_decision) by extensions ['colcon_meta']
[0.328s] Level 1:colcon.colcon_core.package_identification:_identify(src/turtle_decision) by extension 'colcon_meta'
[0.328s] Level 1:colcon.colcon_core.package_identification:_identify(src/turtle_decision) by extensions ['ros']
[0.328s] Level 1:colcon.colcon_core.package_identification:_identify(src/turtle_decision) by extension 'ros'
[0.329s] DEBUG:colcon.colcon_core.package_identification:Package 'src/turtle_decision' with type 'ros.ament_python' and name 'turtle_decision'
[0.329s] Level 1:colcon.colcon_core.package_identification:_identify(src/turtle_spawner) by extensions ['ignore', 'ignore_ament_install']
[0.329s] Level 1:colcon.colcon_core.package_identification:_identify(src/turtle_spawner) by extension 'ignore'
[0.329s] Level 1:colcon.colcon_core.package_identification:_identify(src/turtle_spawner) by extension 'ignore_ament_install'
[0.329s] Level 1:colcon.colcon_core.package_identification:_identify(src/turtle_spawner) by extensions ['colcon_pkg']
[0.329s] Level 1:colcon.colcon_core.package_identification:_identify(src/turtle_spawner) by extension 'colcon_pkg'
[0.329s] Level 1:colcon.colcon_core.package_identification:_identify(src/turtle_spawner) by extensions ['colcon_meta']
[0.329s] Level 1:colcon.colcon_core.package_identification:_identify(src/turtle_spawner) by extension 'colcon_meta'
[0.329s] Level 1:colcon.colcon_core.package_identification:_identify(src/turtle_spawner) by extensions ['ros']
[0.329s] Level 1:colcon.colcon_core.package_identification:_identify(src/turtle_spawner) by extension 'ros'
[0.330s] DEBUG:colcon.colcon_core.package_identification:Package 'src/turtle_spawner' with type 'ros.ament_python' and name 'turtle_spawner'
[0.330s] Level 1:colcon.colcon_core.package_discovery:discover_packages(recursive) using defaults
[0.330s] Level 1:colcon.colcon_core.package_discovery:discover_packages(ignore) discover
[0.330s] Level 1:colcon.colcon_core.package_discovery:discover_packages(ignore) using defaults
[0.330s] Level 1:colcon.colcon_core.package_discovery:discover_packages(path) discover
[0.330s] Level 1:colcon.colcon_core.package_discovery:discover_packages(path) using defaults
[0.357s] Level 1:colcon.colcon_core.package_discovery:discover_packages(prefix_path) check parameters
[0.357s] Level 1:colcon.colcon_core.package_discovery:discover_packages(prefix_path) discover
[0.359s] WARNING:colcon.colcon_ros.prefix_path.ament:The path '/home/ny/ros2_ws/install/turtle_spawner' in the environment variable AMENT_PREFIX_PATH doesn't exist
[0.359s] WARNING:colcon.colcon_ros.prefix_path.ament:The path '/home/ny/ros2_ws/install/turtle_decision' in the environment variable AMENT_PREFIX_PATH doesn't exist
[0.359s] WARNING:colcon.colcon_ros.prefix_path.ament:The path '/home/ny/ros2_ws/install/turtle_control' in the environment variable AMENT_PREFIX_PATH doesn't exist
[0.359s] WARNING:colcon.colcon_ros.prefix_path.ament:The path '/home/ny/ros2_ws/install/turtle_chain' in the environment variable AMENT_PREFIX_PATH doesn't exist
[0.360s] DEBUG:colcon.colcon_installed_package_information.package_discovery:Found 0 installed packages in /home/ny/ros2_ws/install
[0.362s] DEBUG:colcon.colcon_installed_package_information.package_discovery:Found 273 installed packages in /opt/ros/humble
[0.382s] Level 1:colcon.colcon_core.package_discovery:discover_packages(prefix_path) using defaults
[0.438s] Level 5:colcon.colcon_core.verb:set package 'turtle_chain' build argument 'cmake_args' from command line to 'None'
[0.438s] Level 5:colcon.colcon_core.verb:set package 'turtle_chain' build argument 'cmake_target' from command line to 'None'
[0.438s] Level 5:colcon.colcon_core.verb:set package 'turtle_chain' build argument 'cmake_target_skip_unavailable' from command line to 'False'
[0.439s] Level 5:colcon.colcon_core.verb:set package 'turtle_chain' build argument 'cmake_clean_cache' from command line to 'False'
[0.439s] Level 5:colcon.colcon_core.verb:set package 'turtle_chain' build argument 'cmake_clean_first' from command line to 'False'
[0.439s] Level 5:colcon.colcon_core.verb:set package 'turtle_chain' build argument 'cmake_force_configure' from command line to 'False'
[0.439s] Level 5:colcon.colcon_core.verb:set package 'turtle_chain' build argument 'ament_cmake_args' from command line to 'None'
[0.439s] Level 5:colcon.colcon_core.verb:set package 'turtle_chain' build argument 'catkin_cmake_args' from command line to 'None'
[0.439s] Level 5:colcon.colcon_core.verb:set package 'turtle_chain' build argument 'catkin_skip_building_tests' from command line to 'False'
[0.439s] DEBUG:colcon.colcon_core.verb:Building package 'turtle_chain' with the following arguments: {'ament_cmake_args': None, 'build_base': '/home/ny/ros2_ws/build/turtle_chain', 'catkin_cmake_args': None, 'catkin_skip_building_tests': False, 'cmake_args': None, 'cmake_clean_cache': False, 'cmake_clean_first': False, 'cmake_force_configure': False, 'cmake_target': None, 'cmake_target_skip_unavailable': False, 'install_base': '/home/ny/ros2_ws/install/turtle_chain', 'merge_install': False, 'path': '/home/ny/ros2_ws/src/turtle_chain', 'symlink_install': False, 'test_result_base': None}
[0.439s] Level 5:colcon.colcon_core.verb:set package 'turtle_control' build argument 'cmake_args' from command line to 'None'
[0.439s] Level 5:colcon.colcon_core.verb:set package 'turtle_control' build argument 'cmake_target' from command line to 'None'
[0.439s] Level 5:colcon.colcon_core.verb:set package 'turtle_control' build argument 'cmake_target_skip_unavailable' from command line to 'False'
[0.439s] Level 5:colcon.colcon_core.verb:set package 'turtle_control' build argument 'cmake_clean_cache' from command line to 'False'
[0.439s] Level 5:colcon.colcon_core.verb:set package 'turtle_control' build argument 'cmake_clean_first' from command line to 'False'
[0.439s] Level 5:colcon.colcon_core.verb:set package 'turtle_control' build argument 'cmake_force_configure' from command line to 'False'
[0.439s] Level 5:colcon.colcon_core.verb:set package 'turtle_control' build argument 'ament_cmake_args' from command line to 'None'
[0.439s] Level 5:colcon.colcon_core.verb:set package 'turtle_control' build argument 'catkin_cmake_args' from command line to 'None'
[0.439s] Level 5:colcon.colcon_core.verb:set package 'turtle_control' build argument 'catkin_skip_building_tests' from command line to 'False'
[0.439s] DEBUG:colcon.colcon_core.verb:Building package 'turtle_control' with the following arguments: {'ament_cmake_args': None, 'build_base': '/home/ny/ros2_ws/build/turtle_control', 'catkin_cmake_args': None, 'catkin_skip_building_tests': False, 'cmake_args': None, 'cmake_clean_cache': False, 'cmake_clean_first': False, 'cmake_force_configure': False, 'cmake_target': None, 'cmake_target_skip_unavailable': False, 'install_base': '/home/ny/ros2_ws/install/turtle_control', 'merge_install': False, 'path': '/home/ny/ros2_ws/src/turtle_control', 'symlink_install': False, 'test_result_base': None}
[0.440s] Level 5:colcon.colcon_core.verb:set package 'turtle_decision' build argument 'cmake_args' from command line to 'None'
[0.440s] Level 5:colcon.colcon_core.verb:set package 'turtle_decision' build argument 'cmake_target' from command line to 'None'
[0.440s] Level 5:colcon.colcon_core.verb:set package 'turtle_decision' build argument 'cmake_target_skip_unavailable' from command line to 'False'
[0.440s] Level 5:colcon.colcon_core.verb:set package 'turtle_decision' build argument 'cmake_clean_cache' from command line to 'False'
[0.440s] Level 5:colcon.colcon_core.verb:set package 'turtle_decision' build argument 'cmake_clean_first' from command line to 'False'
[0.440s] Level 5:colcon.colcon_core.verb:set package 'turtle_decision' build argument 'cmake_force_configure' from command line to 'False'
[0.440s] Level 5:colcon.colcon_core.verb:set package 'turtle_decision' build argument 'ament_cmake_args' from command line to 'None'
[0.440s] Level 5:colcon.colcon_core.verb:set package 'turtle_decision' build argument 'catkin_cmake_args' from command line to 'None'
[0.440s] Level 5:colcon.colcon_core.verb:set package 'turtle_decision' build argument 'catkin_skip_building_tests' from command line to 'False'
[0.440s] DEBUG:colcon.colcon_core.verb:Building package 'turtle_decision' with the following arguments: {'ament_cmake_args': None, 'build_base': '/home/ny/ros2_ws/build/turtle_decision', 'catkin_cmake_args': None, 'catkin_skip_building_tests': False, 'cmake_args': None, 'cmake_clean_cache': False, 'cmake_clean_first': False, 'cmake_force_configure': False, 'cmake_target': None, 'cmake_target_skip_unavailable': False, 'install_base': '/home/ny/ros2_ws/install/turtle_decision', 'merge_install': False, 'path': '/home/ny/ros2_ws/src/turtle_decision', 'symlink_install': False, 'test_result_base': None}
[0.440s] Level 5:colcon.colcon_core.verb:set package 'turtle_spawner' build argument 'cmake_args' from command line to 'None'
[0.440s] Level 5:colcon.colcon_core.verb:set package 'turtle_spawner' build argument 'cmake_target' from command line to 'None'
[0.440s] Level 5:colcon.colcon_core.verb:set package 'turtle_spawner' build argument 'cmake_target_skip_unavailable' from command line to 'False'
[0.440s] Level 5:colcon.colcon_core.verb:set package 'turtle_spawner' build argument 'cmake_clean_cache' from command line to 'False'
[0.440s] Level 5:colcon.colcon_core.verb:set package 'turtle_spawner' build argument 'cmake_clean_first' from command line to 'False'
[0.440s] Level 5:colcon.colcon_core.verb:set package 'turtle_spawner' build argument 'cmake_force_configure' from command line to 'False'
[0.440s] Level 5:colcon.colcon_core.verb:set package 'turtle_spawner' build argument 'ament_cmake_args' from command line to 'None'
[0.440s] Level 5:colcon.colcon_core.verb:set package 'turtle_spawner' build argument 'catkin_cmake_args' from command line to 'None'
[0.440s] Level 5:colcon.colcon_core.verb:set package 'turtle_spawner' build argument 'catkin_skip_building_tests' from command line to 'False'
[0.440s] DEBUG:colcon.colcon_core.verb:Building package 'turtle_spawner' with the following arguments: {'ament_cmake_args': None, 'build_base': '/home/ny/ros2_ws/build/turtle_spawner', 'catkin_cmake_args': None, 'catkin_skip_building_tests': False, 'cmake_args': None, 'cmake_clean_cache': False, 'cmake_clean_first': False, 'cmake_force_configure': False, 'cmake_target': None, 'cmake_target_skip_unavailable': False, 'install_base': '/home/ny/ros2_ws/install/turtle_spawner', 'merge_install': False, 'path': '/home/ny/ros2_ws/src/turtle_spawner', 'symlink_install': False, 'test_result_base': None}
[0.440s] INFO:colcon.colcon_core.executor:Executing jobs using 'parallel' executor
[0.443s] DEBUG:colcon.colcon_parallel_executor.executor.parallel:run_until_complete
[0.443s] INFO:colcon.colcon_ros.task.ament_python.build:Building ROS package in '/home/ny/ros2_ws/src/turtle_chain' with build type 'ament_python'
[0.443s] Level 1:colcon.colcon_core.shell:create_environment_hook('turtle_chain', 'ament_prefix_path')
[0.446s] INFO:colcon.colcon_core.plugin_system:Skipping extension 'colcon_core.shell.bat': Not used on non-Windows systems
[0.446s] INFO:colcon.colcon_core.shell:Creating environment hook '/home/ny/ros2_ws/install/turtle_chain/share/turtle_chain/hook/ament_prefix_path.ps1'
[0.448s] INFO:colcon.colcon_core.shell:Creating environment descriptor '/home/ny/ros2_ws/install/turtle_chain/share/turtle_chain/hook/ament_prefix_path.dsv'
[0.449s] INFO:colcon.colcon_core.shell:Creating environment hook '/home/ny/ros2_ws/install/turtle_chain/share/turtle_chain/hook/ament_prefix_path.sh'
[0.450s] INFO:colcon.colcon_core.shell:Skip shell extension 'powershell' for command environment: Not usable outside of PowerShell
[0.450s] DEBUG:colcon.colcon_core.shell:Skip shell extension 'dsv' for command environment
[0.455s] INFO:colcon.colcon_ros.task.ament_python.build:Building ROS package in '/home/ny/ros2_ws/src/turtle_control' with build type 'ament_python'
[0.455s] Level 1:colcon.colcon_core.shell:create_environment_hook('turtle_control', 'ament_prefix_path')
[0.455s] INFO:colcon.colcon_core.shell:Creating environment hook '/home/ny/ros2_ws/install/turtle_control/share/turtle_control/hook/ament_prefix_path.ps1'
[0.456s] INFO:colcon.colcon_core.shell:Creating environment descriptor '/home/ny/ros2_ws/install/turtle_control/share/turtle_control/hook/ament_prefix_path.dsv'
[0.457s] INFO:colcon.colcon_core.shell:Creating environment hook '/home/ny/ros2_ws/install/turtle_control/share/turtle_control/hook/ament_prefix_path.sh'
[0.459s] INFO:colcon.colcon_core.shell:Skip shell extension 'powershell' for command environment: Not usable outside of PowerShell
[0.459s] DEBUG:colcon.colcon_core.shell:Skip shell extension 'dsv' for command environment
[0.464s] INFO:colcon.colcon_ros.task.ament_python.build:Building ROS package in '/home/ny/ros2_ws/src/turtle_decision' with build type 'ament_python'
[0.464s] Level 1:colcon.colcon_core.shell:create_environment_hook('turtle_decision', 'ament_prefix_path')
[0.465s] INFO:colcon.colcon_core.shell:Creating environment hook '/home/ny/ros2_ws/install/turtle_decision/share/turtle_decision/hook/ament_prefix_path.ps1'
[0.466s] INFO:colcon.colcon_core.shell:Creating environment descriptor '/home/ny/ros2_ws/install/turtle_decision/share/turtle_decision/hook/ament_prefix_path.dsv'
[0.466s] INFO:colcon.colcon_core.shell:Creating environment hook '/home/ny/ros2_ws/install/turtle_decision/share/turtle_decision/hook/ament_prefix_path.sh'
[0.467s] INFO:colcon.colcon_core.shell:Skip shell extension 'powershell' for command environment: Not usable outside of PowerShell
[0.468s] DEBUG:colcon.colcon_core.shell:Skip shell extension 'dsv' for command environment
[0.474s] INFO:colcon.colcon_ros.task.ament_python.build:Building ROS package in '/home/ny/ros2_ws/src/turtle_spawner' with build type 'ament_python'
[0.474s] Level 1:colcon.colcon_core.shell:create_environment_hook('turtle_spawner', 'ament_prefix_path')
[0.475s] INFO:colcon.colcon_core.shell:Creating environment hook '/home/ny/ros2_ws/install/turtle_spawner/share/turtle_spawner/hook/ament_prefix_path.ps1'
[0.476s] INFO:colcon.colcon_core.shell:Creating environment descriptor '/home/ny/ros2_ws/install/turtle_spawner/share/turtle_spawner/hook/ament_prefix_path.dsv'
[0.477s] INFO:colcon.colcon_core.shell:Creating environment hook '/home/ny/ros2_ws/install/turtle_spawner/share/turtle_spawner/hook/ament_prefix_path.sh'
[0.477s] INFO:colcon.colcon_core.shell:Skip shell extension 'powershell' for command environment: Not usable outside of PowerShell
[0.478s] DEBUG:colcon.colcon_core.shell:Skip shell extension 'dsv' for command environment
[0.872s] INFO:colcon.colcon_core.task.python.build:Building Python package in '/home/ny/ros2_ws/src/turtle_chain'
[0.873s] INFO:colcon.colcon_core.shell:Skip shell extension 'powershell' for command environment: Not usable outside of PowerShell
[0.873s] DEBUG:colcon.colcon_core.shell:Skip shell extension 'dsv' for command environment
[1.274s] INFO:colcon.colcon_core.task.python.build:Building Python package in '/home/ny/ros2_ws/src/turtle_control'
[1.275s] INFO:colcon.colcon_core.shell:Skip shell extension 'powershell' for command environment: Not usable outside of PowerShell
[1.275s] DEBUG:colcon.colcon_core.shell:Skip shell extension 'dsv' for command environment
[1.664s] INFO:colcon.colcon_core.task.python.build:Building Python package in '/home/ny/ros2_ws/src/turtle_decision'
[1.664s] INFO:colcon.colcon_core.shell:Skip shell extension 'powershell' for command environment: Not usable outside of PowerShell
[1.664s] DEBUG:colcon.colcon_core.shell:Skip shell extension 'dsv' for command environment
[2.052s] INFO:colcon.colcon_core.task.python.build:Building Python package in '/home/ny/ros2_ws/src/turtle_spawner'
[2.053s] INFO:colcon.colcon_core.shell:Skip shell extension 'powershell' for command environment: Not usable outside of PowerShell
[2.053s] DEBUG:colcon.colcon_core.shell:Skip shell extension 'dsv' for command environment
[2.606s] DEBUG:colcon.colcon_core.event_handler.log_command:Invoking command in '/home/ny/ros2_ws/src/turtle_decision': PYTHONPATH=/home/ny/ros2_ws/build/turtle_decision/prefix_override:/usr/lib/python3/dist-packages/colcon_core/task/python/colcon_distutils_commands:/home/ny/ros2_ws/install/turtle_decision/lib/python3.10/site-packages:${PYTHONPATH} /usr/bin/python3 -W ignore:setup.py install is deprecated -W ignore:easy_install command is deprecated setup.py egg_info --egg-base ../../build/turtle_decision build --build-base /home/ny/ros2_ws/build/turtle_decision/build install --record /home/ny/ros2_ws/build/turtle_decision/install.log --single-version-externally-managed install_data
[2.617s] DEBUG:colcon.colcon_core.event_handler.log_command:Invoking command in '/home/ny/ros2_ws/src/turtle_chain': PYTHONPATH=/home/ny/ros2_ws/build/turtle_chain/prefix_override:/usr/lib/python3/dist-packages/colcon_core/task/python/colcon_distutils_commands:/home/ny/ros2_ws/install/turtle_chain/lib/python3.10/site-packages:${PYTHONPATH} /usr/bin/python3 -W ignore:setup.py install is deprecated -W ignore:easy_install command is deprecated setup.py egg_info --egg-base ../../build/turtle_chain build --build-base /home/ny/ros2_ws/build/turtle_chain/build install --record /home/ny/ros2_ws/build/turtle_chain/install.log --single-version-externally-managed install_data
[2.627s] DEBUG:colcon.colcon_core.event_handler.log_command:Invoking command in '/home/ny/ros2_ws/src/turtle_control': PYTHONPATH=/home/ny/ros2_ws/build/turtle_control/prefix_override:/usr/lib/python3/dist-packages/colcon_core/task/python/colcon_distutils_commands:/home/ny/ros2_ws/install/turtle_control/lib/python3.10/site-packages:${PYTHONPATH} /usr/bin/python3 -W ignore:setup.py install is deprecated -W ignore:easy_install command is deprecated setup.py egg_info --egg-base ../../build/turtle_control build --build-base /home/ny/ros2_ws/build/turtle_control/build install --record /home/ny/ros2_ws/build/turtle_control/install.log --single-version-externally-managed install_data
[2.839s] DEBUG:colcon.colcon_core.event_handler.log_command:Invoking command in '/home/ny/ros2_ws/src/turtle_spawner': PYTHONPATH=/home/ny/ros2_ws/build/turtle_spawner/prefix_override:/usr/lib/python3/dist-packages/colcon_core/task/python/colcon_distutils_commands:/home/ny/ros2_ws/install/turtle_spawner/lib/python3.10/site-packages:${PYTHONPATH} /usr/bin/python3 -W ignore:setup.py install is deprecated -W ignore:easy_install command is deprecated setup.py egg_info --egg-base ../../build/turtle_spawner build --build-base /home/ny/ros2_ws/build/turtle_spawner/build install --record /home/ny/ros2_ws/build/turtle_spawner/install.log --single-version-externally-managed install_data
[3.185s] Level 1:colcon.colcon_core.environment:checking '/home/ny/ros2_ws/install/turtle_decision' for CMake module files
[3.190s] DEBUG:colcon.colcon_core.event_handler.log_command:Invoked command in '/home/ny/ros2_ws/src/turtle_decision' returned '0': PYTHONPATH=/home/ny/ros2_ws/build/turtle_decision/prefix_override:/usr/lib/python3/dist-packages/colcon_core/task/python/colcon_distutils_commands:/home/ny/ros2_ws/install/turtle_decision/lib/python3.10/site-packages:${PYTHONPATH} /usr/bin/python3 -W ignore:setup.py install is deprecated -W ignore:easy_install command is deprecated setup.py egg_info --egg-base ../../build/turtle_decision build --build-base /home/ny/ros2_ws/build/turtle_decision/build install --record /home/ny/ros2_ws/build/turtle_decision/install.log --single-version-externally-managed install_data
[3.191s] Level 1:colcon.colcon_core.environment:checking '/home/ny/ros2_ws/install/turtle_decision' for CMake config files
[3.192s] Level 1:colcon.colcon_core.environment:checking '/home/ny/ros2_ws/install/turtle_decision/lib'
[3.192s] Level 1:colcon.colcon_core.environment:checking '/home/ny/ros2_ws/install/turtle_decision/bin'
[3.193s] Level 1:colcon.colcon_core.environment:checking '/home/ny/ros2_ws/install/turtle_decision/lib/pkgconfig/turtle_decision.pc'
[3.193s] Level 1:colcon.colcon_core.environment:checking '/home/ny/ros2_ws/install/turtle_decision/lib/python3.10/site-packages'
[3.196s] Level 1:colcon.colcon_core.shell:create_environment_hook('turtle_decision', 'pythonpath')
[3.196s] INFO:colcon.colcon_core.shell:Creating environment hook '/home/ny/ros2_ws/install/turtle_decision/share/turtle_decision/hook/pythonpath.ps1'
[3.197s] INFO:colcon.colcon_core.shell:Creating environment descriptor '/home/ny/ros2_ws/install/turtle_decision/share/turtle_decision/hook/pythonpath.dsv'
[3.198s] INFO:colcon.colcon_core.shell:Creating environment hook '/home/ny/ros2_ws/install/turtle_decision/share/turtle_decision/hook/pythonpath.sh'
[3.199s] Level 1:colcon.colcon_core.environment:checking '/home/ny/ros2_ws/install/turtle_decision/bin'
[3.200s] Level 1:colcon.colcon_core.environment:create_environment_scripts_only(turtle_decision)
[3.206s] INFO:colcon.colcon_core.shell:Creating package script '/home/ny/ros2_ws/install/turtle_decision/share/turtle_decision/package.ps1'
[3.218s] INFO:colcon.colcon_core.shell:Creating package descriptor '/home/ny/ros2_ws/install/turtle_decision/share/turtle_decision/package.dsv'
[3.224s] INFO:colcon.colcon_core.shell:Creating package script '/home/ny/ros2_ws/install/turtle_decision/share/turtle_decision/package.sh'
[3.225s] INFO:colcon.colcon_core.shell:Creating package script '/home/ny/ros2_ws/install/turtle_decision/share/turtle_decision/package.bash'
[3.233s] INFO:colcon.colcon_core.shell:Creating package script '/home/ny/ros2_ws/install/turtle_decision/share/turtle_decision/package.zsh'
[3.258s] Level 1:colcon.colcon_core.environment:create_file_with_runtime_dependencies(/home/ny/ros2_ws/install/turtle_decision/share/colcon-core/packages/turtle_decision)
[3.322s] Level 1:colcon.colcon_core.environment:checking '/home/ny/ros2_ws/install/turtle_control' for CMake module files
[3.323s] DEBUG:colcon.colcon_core.event_handler.log_command:Invoked command in '/home/ny/ros2_ws/src/turtle_control' returned '0': PYTHONPATH=/home/ny/ros2_ws/build/turtle_control/prefix_override:/usr/lib/python3/dist-packages/colcon_core/task/python/colcon_distutils_commands:/home/ny/ros2_ws/install/turtle_control/lib/python3.10/site-packages:${PYTHONPATH} /usr/bin/python3 -W ignore:setup.py install is deprecated -W ignore:easy_install command is deprecated setup.py egg_info --egg-base ../../build/turtle_control build --build-base /home/ny/ros2_ws/build/turtle_control/build install --record /home/ny/ros2_ws/build/turtle_control/install.log --single-version-externally-managed install_data
[3.324s] Level 1:colcon.colcon_core.environment:checking '/home/ny/ros2_ws/install/turtle_control' for CMake config files
[3.325s] Level 1:colcon.colcon_core.environment:checking '/home/ny/ros2_ws/install/turtle_control/lib'
[3.325s] Level 1:colcon.colcon_core.environment:checking '/home/ny/ros2_ws/install/turtle_control/bin'
[3.325s] Level 1:colcon.colcon_core.environment:checking '/home/ny/ros2_ws/install/turtle_control/lib/pkgconfig/turtle_control.pc'
[3.326s] Level 1:colcon.colcon_core.environment:checking '/home/ny/ros2_ws/install/turtle_control/lib/python3.10/site-packages'
[3.326s] Level 1:colcon.colcon_core.shell:create_environment_hook('turtle_control', 'pythonpath')
[3.326s] INFO:colcon.colcon_core.shell:Creating environment hook '/home/ny/ros2_ws/install/turtle_control/share/turtle_control/hook/pythonpath.ps1'
[3.327s] INFO:colcon.colcon_core.shell:Creating environment descriptor '/home/ny/ros2_ws/install/turtle_control/share/turtle_control/hook/pythonpath.dsv'
[3.327s] INFO:colcon.colcon_core.shell:Creating environment hook '/home/ny/ros2_ws/install/turtle_control/share/turtle_control/hook/pythonpath.sh'
[3.329s] Level 1:colcon.colcon_core.environment:checking '/home/ny/ros2_ws/install/turtle_control/bin'
[3.329s] Level 1:colcon.colcon_core.environment:create_environment_scripts_only(turtle_control)
[3.330s] INFO:colcon.colcon_core.shell:Creating package script '/home/ny/ros2_ws/install/turtle_control/share/turtle_control/package.ps1'
[3.331s] INFO:colcon.colcon_core.shell:Creating package descriptor '/home/ny/ros2_ws/install/turtle_control/share/turtle_control/package.dsv'
[3.332s] INFO:colcon.colcon_core.shell:Creating package script '/home/ny/ros2_ws/install/turtle_control/share/turtle_control/package.sh'
[3.333s] INFO:colcon.colcon_core.shell:Creating package script '/home/ny/ros2_ws/install/turtle_control/share/turtle_control/package.bash'
[3.334s] INFO:colcon.colcon_core.shell:Creating package script '/home/ny/ros2_ws/install/turtle_control/share/turtle_control/package.zsh'
[3.335s] Level 1:colcon.colcon_core.environment:create_file_with_runtime_dependencies(/home/ny/ros2_ws/install/turtle_control/share/colcon-core/packages/turtle_control)
[3.385s] Level 1:colcon.colcon_core.environment:checking '/home/ny/ros2_ws/install/turtle_chain' for CMake module files
[3.386s] Level 1:colcon.colcon_core.environment:checking '/home/ny/ros2_ws/install/turtle_chain' for CMake config files
[3.387s] Level 1:colcon.colcon_core.environment:checking '/home/ny/ros2_ws/install/turtle_chain/lib'
[3.388s] Level 1:colcon.colcon_core.environment:checking '/home/ny/ros2_ws/install/turtle_chain/bin'
[3.388s] Level 1:colcon.colcon_core.environment:checking '/home/ny/ros2_ws/install/turtle_chain/lib/pkgconfig/turtle_chain.pc'
[3.388s] Level 1:colcon.colcon_core.environment:checking '/home/ny/ros2_ws/install/turtle_chain/lib/python3.10/site-packages'
[3.389s] Level 1:colcon.colcon_core.shell:create_environment_hook('turtle_chain', 'pythonpath')
[3.389s] INFO:colcon.colcon_core.shell:Creating environment hook '/home/ny/ros2_ws/install/turtle_chain/share/turtle_chain/hook/pythonpath.ps1'
[3.390s] DEBUG:colcon.colcon_core.event_handler.log_command:Invoked command in '/home/ny/ros2_ws/src/turtle_chain' returned '0': PYTHONPATH=/home/ny/ros2_ws/build/turtle_chain/prefix_override:/usr/lib/python3/dist-packages/colcon_core/task/python/colcon_distutils_commands:/home/ny/ros2_ws/install/turtle_chain/lib/python3.10/site-packages:${PYTHONPATH} /usr/bin/python3 -W ignore:setup.py install is deprecated -W ignore:easy_install command is deprecated setup.py egg_info --egg-base ../../build/turtle_chain build --build-base /home/ny/ros2_ws/build/turtle_chain/build install --record /home/ny/ros2_ws/build/turtle_chain/install.log --single-version-externally-managed install_data
[3.390s] INFO:colcon.colcon_core.shell:Creating environment descriptor '/home/ny/ros2_ws/install/turtle_chain/share/turtle_chain/hook/pythonpath.dsv'
[3.391s] INFO:colcon.colcon_core.shell:Creating environment hook '/home/ny/ros2_ws/install/turtle_chain/share/turtle_chain/hook/pythonpath.sh'
[3.391s] Level 1:colcon.colcon_core.environment:checking '/home/ny/ros2_ws/install/turtle_chain/bin'
[3.391s] Level 1:colcon.colcon_core.environment:create_environment_scripts_only(turtle_chain)
[3.392s] INFO:colcon.colcon_core.shell:Creating package script '/home/ny/ros2_ws/install/turtle_chain/share/turtle_chain/package.ps1'
[3.393s] INFO:colcon.colcon_core.shell:Creating package descriptor '/home/ny/ros2_ws/install/turtle_chain/share/turtle_chain/package.dsv'
[3.394s] INFO:colcon.colcon_core.shell:Creating package script '/home/ny/ros2_ws/install/turtle_chain/share/turtle_chain/package.sh'
[3.395s] INFO:colcon.colcon_core.shell:Creating package script '/home/ny/ros2_ws/install/turtle_chain/share/turtle_chain/package.bash'
[3.395s] INFO:colcon.colcon_core.shell:Creating package script '/home/ny/ros2_ws/install/turtle_chain/share/turtle_chain/package.zsh'
[3.395s] Level 1:colcon.colcon_core.environment:create_file_with_runtime_dependencies(/home/ny/ros2_ws/install/turtle_chain/share/colcon-core/packages/turtle_chain)
[3.516s] Level 1:colcon.colcon_core.environment:checking '/home/ny/ros2_ws/install/turtle_spawner' for CMake module files
[3.517s] DEBUG:colcon.colcon_core.event_handler.log_command:Invoked command in '/home/ny/ros2_ws/src/turtle_spawner' returned '0': PYTHONPATH=/home/ny/ros2_ws/build/turtle_spawner/prefix_override:/usr/lib/python3/dist-packages/colcon_core/task/python/colcon_distutils_commands:/home/ny/ros2_ws/install/turtle_spawner/lib/python3.10/site-packages:${PYTHONPATH} /usr/bin/python3 -W ignore:setup.py install is deprecated -W ignore:easy_install command is deprecated setup.py egg_info --egg-base ../../build/turtle_spawner build --build-base /home/ny/ros2_ws/build/turtle_spawner/build install --record /home/ny/ros2_ws/build/turtle_spawner/install.log --single-version-externally-managed install_data
[3.518s] Level 1:colcon.colcon_core.environment:checking '/home/ny/ros2_ws/install/turtle_spawner' for CMake config files
[3.518s] Level 1:colcon.colcon_core.environment:checking '/home/ny/ros2_ws/install/turtle_spawner/lib'
[3.519s] Level 1:colcon.colcon_core.environment:checking '/home/ny/ros2_ws/install/turtle_spawner/bin'
[3.519s] Level 1:colcon.colcon_core.environment:checking '/home/ny/ros2_ws/install/turtle_spawner/lib/pkgconfig/turtle_spawner.pc'
[3.519s] Level 1:colcon.colcon_core.environment:checking '/home/ny/ros2_ws/install/turtle_spawner/lib/python3.10/site-packages'
[3.519s] Level 1:colcon.colcon_core.shell:create_environment_hook('turtle_spawner', 'pythonpath')
[3.519s] INFO:colcon.colcon_core.shell:Creating environment hook '/home/ny/ros2_ws/install/turtle_spawner/share/turtle_spawner/hook/pythonpath.ps1'
[3.520s] INFO:colcon.colcon_core.shell:Creating environment descriptor '/home/ny/ros2_ws/install/turtle_spawner/share/turtle_spawner/hook/pythonpath.dsv'
[3.521s] INFO:colcon.colcon_core.shell:Creating environment hook '/home/ny/ros2_ws/install/turtle_spawner/share/turtle_spawner/hook/pythonpath.sh'
[3.521s] Level 1:colcon.colcon_core.environment:checking '/home/ny/ros2_ws/install/turtle_spawner/bin'
[3.521s] Level 1:colcon.colcon_core.environment:create_environment_scripts_only(turtle_spawner)
[3.522s] INFO:colcon.colcon_core.shell:Creating package script '/home/ny/ros2_ws/install/turtle_spawner/share/turtle_spawner/package.ps1'
[3.522s] INFO:colcon.colcon_core.shell:Creating package descriptor '/home/ny/ros2_ws/install/turtle_spawner/share/turtle_spawner/package.dsv'
[3.523s] INFO:colcon.colcon_core.shell:Creating package script '/home/ny/ros2_ws/install/turtle_spawner/share/turtle_spawner/package.sh'
[3.523s] INFO:colcon.colcon_core.shell:Creating package script '/home/ny/ros2_ws/install/turtle_spawner/share/turtle_spawner/package.bash'
[3.524s] INFO:colcon.colcon_core.shell:Creating package script '/home/ny/ros2_ws/install/turtle_spawner/share/turtle_spawner/package.zsh'
[3.524s] Level 1:colcon.colcon_core.environment:create_file_with_runtime_dependencies(/home/ny/ros2_ws/install/turtle_spawner/share/colcon-core/packages/turtle_spawner)
[3.527s] DEBUG:colcon.colcon_parallel_executor.executor.parallel:closing loop
[3.528s] DEBUG:colcon.colcon_parallel_executor.executor.parallel:loop closed
[3.528s] DEBUG:colcon.colcon_parallel_executor.executor.parallel:run_until_complete finished with '0'
[3.528s] DEBUG:colcon.colcon_core.event_reactor:joining thread
[3.544s] INFO:colcon.colcon_core.plugin_system:Skipping extension 'colcon_notification.desktop_notification.terminal_notifier': Not used on non-Darwin systems
[3.544s] INFO:colcon.colcon_core.plugin_system:Skipping extension 'colcon_notification.desktop_notification.win32': Not used on non-Windows systems
[3.544s] INFO:colcon.colcon_notification.desktop_notification:Sending desktop notification using 'notify2'
[3.577s] DEBUG:colcon.colcon_core.event_reactor:joined thread
[3.578s] INFO:colcon.colcon_core.shell:Creating prefix script '/home/ny/ros2_ws/install/local_setup.ps1'
[3.579s] INFO:colcon.colcon_core.shell:Creating prefix util module '/home/ny/ros2_ws/install/_local_setup_util_ps1.py'
[3.582s] INFO:colcon.colcon_core.shell:Creating prefix chain script '/home/ny/ros2_ws/install/setup.ps1'
[3.584s] INFO:colcon.colcon_core.shell:Creating prefix script '/home/ny/ros2_ws/install/local_setup.sh'
[3.585s] INFO:colcon.colcon_core.shell:Creating prefix util module '/home/ny/ros2_ws/install/_local_setup_util_sh.py'
[3.586s] INFO:colcon.colcon_core.shell:Creating prefix chain script '/home/ny/ros2_ws/install/setup.sh'
[3.587s] INFO:colcon.colcon_core.shell:Creating prefix script '/home/ny/ros2_ws/install/local_setup.bash'
[3.587s] INFO:colcon.colcon_core.shell:Creating prefix chain script '/home/ny/ros2_ws/install/setup.bash'
[3.589s] INFO:colcon.colcon_core.shell:Creating prefix script '/home/ny/ros2_ws/install/local_setup.zsh'
[3.591s] INFO:colcon.colcon_core.shell:Creating prefix chain script '/home/ny/ros2_ws/install/setup.zsh'
