[2.136s] Invoking command in '/home/ny/ros2_ws/src/turtle_control': PYTHONPATH=/home/ny/ros2_ws/build/turtle_control/prefix_override:/usr/lib/python3/dist-packages/colcon_core/task/python/colcon_distutils_commands:/home/ny/ros2_ws/install/turtle_control/lib/python3.10/site-packages:${PYTHONPATH} /usr/bin/python3 -W ignore:setup.py install is deprecated -W ignore:easy_install command is deprecated setup.py egg_info --egg-base ../../build/turtle_control build --build-base /home/ny/ros2_ws/build/turtle_control/build install --record /home/ny/ros2_ws/build/turtle_control/install.log --single-version-externally-managed install_data
[2.536s] running egg_info
[2.547s] creating ../../build/turtle_control/turtle_control.egg-info
[2.547s] writing ../../build/turtle_control/turtle_control.egg-info/PKG-INFO
[2.548s] writing dependency_links to ../../build/turtle_control/turtle_control.egg-info/dependency_links.txt
[2.548s] writing entry points to ../../build/turtle_control/turtle_control.egg-info/entry_points.txt
[2.548s] writing requirements to ../../build/turtle_control/turtle_control.egg-info/requires.txt
[2.548s] writing top-level names to ../../build/turtle_control/turtle_control.egg-info/top_level.txt
[2.548s] writing manifest file '../../build/turtle_control/turtle_control.egg-info/SOURCES.txt'
[2.552s] reading manifest file '../../build/turtle_control/turtle_control.egg-info/SOURCES.txt'
[2.552s] writing manifest file '../../build/turtle_control/turtle_control.egg-info/SOURCES.txt'
[2.552s] running build
[2.553s] running build_py
[2.555s] creating /home/ny/ros2_ws/build/turtle_control/build
[2.556s] creating /home/ny/ros2_ws/build/turtle_control/build/lib
[2.557s] creating /home/ny/ros2_ws/build/turtle_control/build/lib/turtle_control
[2.557s] copying turtle_control/turtle_controller_node.py -> /home/ny/ros2_ws/build/turtle_control/build/lib/turtle_control
[2.557s] copying turtle_control/__init__.py -> /home/ny/ros2_ws/build/turtle_control/build/lib/turtle_control
[2.559s] running install
[2.560s] running install_lib
[2.560s] creating /home/ny/ros2_ws/install/turtle_control/lib/python3.10/site-packages/turtle_control
[2.560s] copying /home/ny/ros2_ws/build/turtle_control/build/lib/turtle_control/turtle_controller_node.py -> /home/ny/ros2_ws/install/turtle_control/lib/python3.10/site-packages/turtle_control
[2.560s] copying /home/ny/ros2_ws/build/turtle_control/build/lib/turtle_control/__init__.py -> /home/ny/ros2_ws/install/turtle_control/lib/python3.10/site-packages/turtle_control
[2.563s] byte-compiling /home/ny/ros2_ws/install/turtle_control/lib/python3.10/site-packages/turtle_control/turtle_controller_node.py to turtle_controller_node.cpython-310.pyc
[2.563s] byte-compiling /home/ny/ros2_ws/install/turtle_control/lib/python3.10/site-packages/turtle_control/__init__.py to __init__.cpython-310.pyc
[2.564s] running install_data
[2.564s] creating /home/ny/ros2_ws/install/turtle_control/share/ament_index
[2.564s] creating /home/ny/ros2_ws/install/turtle_control/share/ament_index/resource_index
[2.565s] creating /home/ny/ros2_ws/install/turtle_control/share/ament_index/resource_index/packages
[2.565s] copying resource/turtle_control -> /home/ny/ros2_ws/install/turtle_control/share/ament_index/resource_index/packages
[2.565s] copying package.xml -> /home/ny/ros2_ws/install/turtle_control/share/turtle_control
[2.565s] running install_egg_info
[2.568s] Copying ../../build/turtle_control/turtle_control.egg-info to /home/ny/ros2_ws/install/turtle_control/lib/python3.10/site-packages/turtle_control-0.0.0-py3.10.egg-info
[2.568s] running install_scripts
[2.595s] Installing turtle_controller_node script to /home/ny/ros2_ws/install/turtle_control/lib/turtle_control
[2.596s] writing list of installed files to '/home/ny/ros2_ws/build/turtle_control/install.log'
[2.664s] Invoked command in '/home/ny/ros2_ws/src/turtle_control' returned '0': PYTHONPATH=/home/ny/ros2_ws/build/turtle_control/prefix_override:/usr/lib/python3/dist-packages/colcon_core/task/python/colcon_distutils_commands:/home/ny/ros2_ws/install/turtle_control/lib/python3.10/site-packages:${PYTHONPATH} /usr/bin/python3 -W ignore:setup.py install is deprecated -W ignore:easy_install command is deprecated setup.py egg_info --egg-base ../../build/turtle_control build --build-base /home/ny/ros2_ws/build/turtle_control/build install --record /home/ny/ros2_ws/build/turtle_control/install.log --single-version-externally-managed install_data
