[2.114s] Invoking command in '/home/ny/ros2_ws/src/turtle_chain': PYTHONPATH=/home/ny/ros2_ws/build/turtle_chain/prefix_override:/usr/lib/python3/dist-packages/colcon_core/task/python/colcon_distutils_commands:/home/ny/ros2_ws/install/turtle_chain/lib/python3.10/site-packages:${PYTHONPATH} /usr/bin/python3 -W ignore:setup.py install is deprecated -W ignore:easy_install command is deprecated setup.py egg_info --egg-base ../../build/turtle_chain build --build-base /home/ny/ros2_ws/build/turtle_chain/build install --record /home/ny/ros2_ws/build/turtle_chain/install.log --single-version-externally-managed install_data
[2.520s] running egg_info
[2.522s] writing ../../build/turtle_chain/turtle_chain.egg-info/PKG-INFO
[2.522s] writing dependency_links to ../../build/turtle_chain/turtle_chain.egg-info/dependency_links.txt
[2.523s] writing entry points to ../../build/turtle_chain/turtle_chain.egg-info/entry_points.txt
[2.524s] writing requirements to ../../build/turtle_chain/turtle_chain.egg-info/requires.txt
[2.525s] writing top-level names to ../../build/turtle_chain/turtle_chain.egg-info/top_level.txt
[2.529s] reading manifest file '../../build/turtle_chain/turtle_chain.egg-info/SOURCES.txt'
[2.531s] writing manifest file '../../build/turtle_chain/turtle_chain.egg-info/SOURCES.txt'
[2.531s] running build
[2.531s] running build_py
[2.533s] running install
[2.533s] running install_lib
[2.536s] running install_data
[2.536s] running install_egg_info
[2.539s] removing '/home/ny/ros2_ws/install/turtle_chain/lib/python3.10/site-packages/turtle_chain-0.0.1-py3.10.egg-info' (and everything under it)
[2.539s] Copying ../../build/turtle_chain/turtle_chain.egg-info to /home/ny/ros2_ws/install/turtle_chain/lib/python3.10/site-packages/turtle_chain-0.0.1-py3.10.egg-info
[2.542s] running install_scripts
[2.579s] Installing chain_manager script to /home/ny/ros2_ws/install/turtle_chain/lib/turtle_chain
[2.582s] writing list of installed files to '/home/ny/ros2_ws/build/turtle_chain/install.log'
[2.652s] Invoked command in '/home/ny/ros2_ws/src/turtle_chain' returned '0': PYTHONPATH=/home/ny/ros2_ws/build/turtle_chain/prefix_override:/usr/lib/python3/dist-packages/colcon_core/task/python/colcon_distutils_commands:/home/ny/ros2_ws/install/turtle_chain/lib/python3.10/site-packages:${PYTHONPATH} /usr/bin/python3 -W ignore:setup.py install is deprecated -W ignore:easy_install command is deprecated setup.py egg_info --egg-base ../../build/turtle_chain build --build-base /home/ny/ros2_ws/build/turtle_chain/build install --record /home/ny/ros2_ws/build/turtle_chain/install.log --single-version-externally-managed install_data
