[1.491s] Invoking command in '/home/ny/ros2_ws/src/turtle_decision': PYTHONPATH=/home/ny/ros2_ws/build/turtle_decision/prefix_override:/usr/lib/python3/dist-packages/colcon_core/task/python/colcon_distutils_commands:/home/ny/ros2_ws/install/turtle_decision/lib/python3.10/site-packages:${PYTHONPATH} /usr/bin/python3 -W ignore:setup.py install is deprecated -W ignore:easy_install command is deprecated setup.py egg_info --egg-base ../../build/turtle_decision build --build-base /home/ny/ros2_ws/build/turtle_decision/build install --record /home/ny/ros2_ws/build/turtle_decision/install.log --single-version-externally-managed install_data
[1.901s] running egg_info
[1.903s] creating ../../build/turtle_decision/turtle_decision.egg-info
[1.903s] writing ../../build/turtle_decision/turtle_decision.egg-info/PKG-INFO
[1.903s] writing dependency_links to ../../build/turtle_decision/turtle_decision.egg-info/dependency_links.txt
[1.903s] writing entry points to ../../build/turtle_decision/turtle_decision.egg-info/entry_points.txt
[1.903s] writing requirements to ../../build/turtle_decision/turtle_decision.egg-info/requires.txt
[1.903s] writing top-level names to ../../build/turtle_decision/turtle_decision.egg-info/top_level.txt
[1.903s] writing manifest file '../../build/turtle_decision/turtle_decision.egg-info/SOURCES.txt'
[1.906s] reading manifest file '../../build/turtle_decision/turtle_decision.egg-info/SOURCES.txt'
[1.906s] writing manifest file '../../build/turtle_decision/turtle_decision.egg-info/SOURCES.txt'
[1.907s] running build
[1.907s] running build_py
[1.907s] creating /home/ny/ros2_ws/build/turtle_decision/build
[1.907s] creating /home/ny/ros2_ws/build/turtle_decision/build/lib
[1.908s] creating /home/ny/ros2_ws/build/turtle_decision/build/lib/turtle_decision
[1.908s] copying turtle_decision/__init__.py -> /home/ny/ros2_ws/build/turtle_decision/build/lib/turtle_decision
[1.908s] copying turtle_decision/target_selector_node.py -> /home/ny/ros2_ws/build/turtle_decision/build/lib/turtle_decision
[1.909s] running install
[1.910s] running install_lib
[1.911s] creating /home/ny/ros2_ws/install/turtle_decision/lib/python3.10/site-packages/turtle_decision
[1.911s] copying /home/ny/ros2_ws/build/turtle_decision/build/lib/turtle_decision/__init__.py -> /home/ny/ros2_ws/install/turtle_decision/lib/python3.10/site-packages/turtle_decision
[1.912s] copying /home/ny/ros2_ws/build/turtle_decision/build/lib/turtle_decision/target_selector_node.py -> /home/ny/ros2_ws/install/turtle_decision/lib/python3.10/site-packages/turtle_decision
[1.913s] byte-compiling /home/ny/ros2_ws/install/turtle_decision/lib/python3.10/site-packages/turtle_decision/__init__.py to __init__.cpython-310.pyc
[1.914s] byte-compiling /home/ny/ros2_ws/install/turtle_decision/lib/python3.10/site-packages/turtle_decision/target_selector_node.py to target_selector_node.cpython-310.pyc
[1.917s] running install_data
[1.917s] creating /home/ny/ros2_ws/install/turtle_decision/share/ament_index
[1.917s] creating /home/ny/ros2_ws/install/turtle_decision/share/ament_index/resource_index
[1.917s] creating /home/ny/ros2_ws/install/turtle_decision/share/ament_index/resource_index/packages
[1.917s] copying resource/turtle_decision -> /home/ny/ros2_ws/install/turtle_decision/share/ament_index/resource_index/packages
[1.918s] copying package.xml -> /home/ny/ros2_ws/install/turtle_decision/share/turtle_decision
[1.918s] running install_egg_info
[1.923s] Copying ../../build/turtle_decision/turtle_decision.egg-info to /home/ny/ros2_ws/install/turtle_decision/lib/python3.10/site-packages/turtle_decision-0.0.0-py3.10.egg-info
[1.925s] running install_scripts
[1.960s] writing list of installed files to '/home/ny/ros2_ws/build/turtle_decision/install.log'
[2.000s] Invoked command in '/home/ny/ros2_ws/src/turtle_decision' returned '0': PYTHONPATH=/home/ny/ros2_ws/build/turtle_decision/prefix_override:/usr/lib/python3/dist-packages/colcon_core/task/python/colcon_distutils_commands:/home/ny/ros2_ws/install/turtle_decision/lib/python3.10/site-packages:${PYTHONPATH} /usr/bin/python3 -W ignore:setup.py install is deprecated -W ignore:easy_install command is deprecated setup.py egg_info --egg-base ../../build/turtle_decision build --build-base /home/ny/ros2_ws/build/turtle_decision/build install --record /home/ny/ros2_ws/build/turtle_decision/install.log --single-version-externally-managed install_data
