running egg_info
creating ../../build/turtle_spawner/turtle_spawner.egg-info
writing ../../build/turtle_spawner/turtle_spawner.egg-info/PKG-INFO
writing dependency_links to ../../build/turtle_spawner/turtle_spawner.egg-info/dependency_links.txt
writing entry points to ../../build/turtle_spawner/turtle_spawner.egg-info/entry_points.txt
writing requirements to ../../build/turtle_spawner/turtle_spawner.egg-info/requires.txt
writing top-level names to ../../build/turtle_spawner/turtle_spawner.egg-info/top_level.txt
writing manifest file '../../build/turtle_spawner/turtle_spawner.egg-info/SOURCES.txt'
reading manifest file '../../build/turtle_spawner/turtle_spawner.egg-info/SOURCES.txt'
writing manifest file '../../build/turtle_spawner/turtle_spawner.egg-info/SOURCES.txt'
running build
running build_py
creating /home/ny/ros2_ws/build/turtle_spawner/build
creating /home/ny/ros2_ws/build/turtle_spawner/build/lib
creating /home/ny/ros2_ws/build/turtle_spawner/build/lib/turtle_spawner
copying turtle_spawner/turtle_spawner_node.py -> /home/ny/ros2_ws/build/turtle_spawner/build/lib/turtle_spawner
copying turtle_spawner/__init__.py -> /home/ny/ros2_ws/build/turtle_spawner/build/lib/turtle_spawner
running install
running install_lib
creating /home/ny/ros2_ws/install/turtle_spawner/lib/python3.10/site-packages/turtle_spawner
copying /home/ny/ros2_ws/build/turtle_spawner/build/lib/turtle_spawner/turtle_spawner_node.py -> /home/ny/ros2_ws/install/turtle_spawner/lib/python3.10/site-packages/turtle_spawner
copying /home/ny/ros2_ws/build/turtle_spawner/build/lib/turtle_spawner/__init__.py -> /home/ny/ros2_ws/install/turtle_spawner/lib/python3.10/site-packages/turtle_spawner
byte-compiling /home/ny/ros2_ws/install/turtle_spawner/lib/python3.10/site-packages/turtle_spawner/turtle_spawner_node.py to turtle_spawner_node.cpython-310.pyc
byte-compiling /home/ny/ros2_ws/install/turtle_spawner/lib/python3.10/site-packages/turtle_spawner/__init__.py to __init__.cpython-310.pyc
running install_data
creating /home/ny/ros2_ws/install/turtle_spawner/share/ament_index
creating /home/ny/ros2_ws/install/turtle_spawner/share/ament_index/resource_index
creating /home/ny/ros2_ws/install/turtle_spawner/share/ament_index/resource_index/packages
copying resource/turtle_spawner -> /home/ny/ros2_ws/install/turtle_spawner/share/ament_index/resource_index/packages
copying package.xml -> /home/ny/ros2_ws/install/turtle_spawner/share/turtle_spawner
creating /home/ny/ros2_ws/install/turtle_spawner/share/turtle_spawner/launch
running install_egg_info
Copying ../../build/turtle_spawner/turtle_spawner.egg-info to /home/ny/ros2_ws/install/turtle_spawner/lib/python3.10/site-packages/turtle_spawner-0.0.0-py3.10.egg-info
running install_scripts
Installing turtle_spawner_node script to /home/ny/ros2_ws/install/turtle_spawner/lib/turtle_spawner
writing list of installed files to '/home/ny/ros2_ws/build/turtle_spawner/install.log'
