[2.173s] Invoking command in '/home/ny/ros2_ws/src/turtle_chain': PYTHONPATH=/home/ny/ros2_ws/build/turtle_chain/prefix_override:/usr/lib/python3/dist-packages/colcon_core/task/python/colcon_distutils_commands:/home/ny/ros2_ws/install/turtle_chain/lib/python3.10/site-packages:${PYTHONPATH} /usr/bin/python3 -W ignore:setup.py install is deprecated -W ignore:easy_install command is deprecated setup.py egg_info --egg-base ../../build/turtle_chain build --build-base /home/ny/ros2_ws/build/turtle_chain/build install --record /home/ny/ros2_ws/build/turtle_chain/install.log --single-version-externally-managed install_data
[2.778s] running egg_info
[2.779s] creating ../../build/turtle_chain/turtle_chain.egg-info
[2.795s] writing ../../build/turtle_chain/turtle_chain.egg-info/PKG-INFO
[2.797s] writing dependency_links to ../../build/turtle_chain/turtle_chain.egg-info/dependency_links.txt
[2.803s] writing entry points to ../../build/turtle_chain/turtle_chain.egg-info/entry_points.txt
[2.803s] writing requirements to ../../build/turtle_chain/turtle_chain.egg-info/requires.txt
[2.803s] writing top-level names to ../../build/turtle_chain/turtle_chain.egg-info/top_level.txt
[2.803s] writing manifest file '../../build/turtle_chain/turtle_chain.egg-info/SOURCES.txt'
[2.804s] reading manifest file '../../build/turtle_chain/turtle_chain.egg-info/SOURCES.txt'
[2.804s] writing manifest file '../../build/turtle_chain/turtle_chain.egg-info/SOURCES.txt'
[2.807s] running build
[2.807s] running build_py
[2.807s] creating /home/ny/ros2_ws/build/turtle_chain/build
[2.807s] creating /home/ny/ros2_ws/build/turtle_chain/build/lib
[2.807s] creating /home/ny/ros2_ws/build/turtle_chain/build/lib/turtle_chain
[2.808s] copying turtle_chain/chain_manager.py -> /home/ny/ros2_ws/build/turtle_chain/build/lib/turtle_chain
[2.808s] copying turtle_chain/follower.py -> /home/ny/ros2_ws/build/turtle_chain/build/lib/turtle_chain
[2.808s] copying turtle_chain/__init__.py -> /home/ny/ros2_ws/build/turtle_chain/build/lib/turtle_chain
[2.808s] running install
[2.808s] running install_lib
[2.808s] creating /home/ny/ros2_ws/install/turtle_chain/lib/python3.10/site-packages/turtle_chain
[2.808s] copying /home/ny/ros2_ws/build/turtle_chain/build/lib/turtle_chain/chain_manager.py -> /home/ny/ros2_ws/install/turtle_chain/lib/python3.10/site-packages/turtle_chain
[2.811s] copying /home/ny/ros2_ws/build/turtle_chain/build/lib/turtle_chain/follower.py -> /home/ny/ros2_ws/install/turtle_chain/lib/python3.10/site-packages/turtle_chain
[2.812s] copying /home/ny/ros2_ws/build/turtle_chain/build/lib/turtle_chain/__init__.py -> /home/ny/ros2_ws/install/turtle_chain/lib/python3.10/site-packages/turtle_chain
[2.812s] byte-compiling /home/ny/ros2_ws/install/turtle_chain/lib/python3.10/site-packages/turtle_chain/chain_manager.py to chain_manager.cpython-310.pyc
[2.812s] byte-compiling /home/ny/ros2_ws/install/turtle_chain/lib/python3.10/site-packages/turtle_chain/follower.py to follower.cpython-310.pyc
[2.812s] byte-compiling /home/ny/ros2_ws/install/turtle_chain/lib/python3.10/site-packages/turtle_chain/__init__.py to __init__.cpython-310.pyc
[2.812s] running install_data
[2.812s] creating /home/ny/ros2_ws/install/turtle_chain/share/ament_index
[2.812s] creating /home/ny/ros2_ws/install/turtle_chain/share/ament_index/resource_index
[2.813s] creating /home/ny/ros2_ws/install/turtle_chain/share/ament_index/resource_index/packages
[2.813s] copying resource/turtle_chain -> /home/ny/ros2_ws/install/turtle_chain/share/ament_index/resource_index/packages
[2.813s] copying package.xml -> /home/ny/ros2_ws/install/turtle_chain/share/turtle_chain
[2.813s] running install_egg_info
[2.813s] Copying ../../build/turtle_chain/turtle_chain.egg-info to /home/ny/ros2_ws/install/turtle_chain/lib/python3.10/site-packages/turtle_chain-0.0.1-py3.10.egg-info
[2.813s] running install_scripts
[2.843s] Installing chain_manager script to /home/ny/ros2_ws/install/turtle_chain/lib/turtle_chain
[2.844s] writing list of installed files to '/home/ny/ros2_ws/build/turtle_chain/install.log'
[2.946s] Invoked command in '/home/ny/ros2_ws/src/turtle_chain' returned '0': PYTHONPATH=/home/ny/ros2_ws/build/turtle_chain/prefix_override:/usr/lib/python3/dist-packages/colcon_core/task/python/colcon_distutils_commands:/home/ny/ros2_ws/install/turtle_chain/lib/python3.10/site-packages:${PYTHONPATH} /usr/bin/python3 -W ignore:setup.py install is deprecated -W ignore:easy_install command is deprecated setup.py egg_info --egg-base ../../build/turtle_chain build --build-base /home/ny/ros2_ws/build/turtle_chain/build install --record /home/ny/ros2_ws/build/turtle_chain/install.log --single-version-externally-managed install_data
