running develop
Removing /home/ny/ros2_ws/install/turtle_control/lib/python3.10/site-packages/turtle-control.egg-link (link to .)
running egg_info
writing ../../build/turtle_control/turtle_control.egg-info/PKG-INFO
writing dependency_links to ../../build/turtle_control/turtle_control.egg-info/dependency_links.txt
writing entry points to ../../build/turtle_control/turtle_control.egg-info/entry_points.txt
writing requirements to ../../build/turtle_control/turtle_control.egg-info/requires.txt
writing top-level names to ../../build/turtle_control/turtle_control.egg-info/top_level.txt
reading manifest file '../../build/turtle_control/turtle_control.egg-info/SOURCES.txt'
writing manifest file '../../build/turtle_control/turtle_control.egg-info/SOURCES.txt'
running build
running build_py
running install
running install_lib
creating /home/ny/ros2_ws/install/turtle_control/lib/python3.10/site-packages/turtle_control
copying /home/ny/ros2_ws/build/turtle_control/build/lib/turtle_control/turtle_controller_node.py -> /home/ny/ros2_ws/install/turtle_control/lib/python3.10/site-packages/turtle_control
copying /home/ny/ros2_ws/build/turtle_control/build/lib/turtle_control/__init__.py -> /home/ny/ros2_ws/install/turtle_control/lib/python3.10/site-packages/turtle_control
byte-compiling /home/ny/ros2_ws/install/turtle_control/lib/python3.10/site-packages/turtle_control/turtle_controller_node.py to turtle_controller_node.cpython-310.pyc
byte-compiling /home/ny/ros2_ws/install/turtle_control/lib/python3.10/site-packages/turtle_control/__init__.py to __init__.cpython-310.pyc
running install_data
copying resource/turtle_control -> /home/ny/ros2_ws/install/turtle_control/share/ament_index/resource_index/packages
copying package.xml -> /home/ny/ros2_ws/install/turtle_control/share/turtle_control
running install_egg_info
Copying ../../build/turtle_control/turtle_control.egg-info to /home/ny/ros2_ws/install/turtle_control/lib/python3.10/site-packages/turtle_control-0.0.0-py3.10.egg-info
running install_scripts
Installing turtle_control_node script to /home/ny/ros2_ws/install/turtle_control/lib/turtle_control
writing list of installed files to '/home/ny/ros2_ws/build/turtle_control/install.log'
