[1.793s] Invoking command in '/home/ny/ros2_ws/build/turtle_control': PYTHONPATH=/home/ny/ros2_ws/build/turtle_control/prefix_override:/usr/lib/python3/dist-packages/colcon_core/task/python/colcon_distutils_commands:/home/ny/ros2_ws/install/turtle_control/lib/python3.10/site-packages:${PYTHONPATH} /usr/bin/python3 -W ignore:setup.py install is deprecated -W ignore:easy_install command is deprecated setup.py develop --uninstall --editable --build-directory /home/ny/ros2_ws/build/turtle_control/build
[2.214s] running develop
[2.416s] Removing /home/ny/ros2_ws/install/turtle_control/lib/python3.10/site-packages/turtle-control.egg-link (link to .)
[2.464s] Invoked command in '/home/ny/ros2_ws/build/turtle_control' returned '0': PYTHONPATH=/home/ny/ros2_ws/build/turtle_control/prefix_override:/usr/lib/python3/dist-packages/colcon_core/task/python/colcon_distutils_commands:/home/ny/ros2_ws/install/turtle_control/lib/python3.10/site-packages:${PYTHONPATH} /usr/bin/python3 -W ignore:setup.py install is deprecated -W ignore:easy_install command is deprecated setup.py develop --uninstall --editable --build-directory /home/ny/ros2_ws/build/turtle_control/build
[2.464s] Invoking command in '/home/ny/ros2_ws/src/turtle_control': PYTHONPATH=/home/ny/ros2_ws/build/turtle_control/prefix_override:/usr/lib/python3/dist-packages/colcon_core/task/python/colcon_distutils_commands:/home/ny/ros2_ws/install/turtle_control/lib/python3.10/site-packages:${PYTHONPATH} /usr/bin/python3 -W ignore:setup.py install is deprecated -W ignore:easy_install command is deprecated setup.py egg_info --egg-base ../../build/turtle_control build --build-base /home/ny/ros2_ws/build/turtle_control/build install --record /home/ny/ros2_ws/build/turtle_control/install.log --single-version-externally-managed install_data --force
[2.824s] running egg_info
[2.827s] writing ../../build/turtle_control/turtle_control.egg-info/PKG-INFO
[2.829s] writing dependency_links to ../../build/turtle_control/turtle_control.egg-info/dependency_links.txt
[2.830s] writing entry points to ../../build/turtle_control/turtle_control.egg-info/entry_points.txt
[2.831s] writing requirements to ../../build/turtle_control/turtle_control.egg-info/requires.txt
[2.831s] writing top-level names to ../../build/turtle_control/turtle_control.egg-info/top_level.txt
[2.833s] reading manifest file '../../build/turtle_control/turtle_control.egg-info/SOURCES.txt'
[2.835s] writing manifest file '../../build/turtle_control/turtle_control.egg-info/SOURCES.txt'
[2.836s] running build
[2.836s] running build_py
[2.836s] running install
[2.836s] running install_lib
[2.838s] creating /home/ny/ros2_ws/install/turtle_control/lib/python3.10/site-packages/turtle_control
[2.840s] copying /home/ny/ros2_ws/build/turtle_control/build/lib/turtle_control/turtle_controller_node.py -> /home/ny/ros2_ws/install/turtle_control/lib/python3.10/site-packages/turtle_control
[2.842s] copying /home/ny/ros2_ws/build/turtle_control/build/lib/turtle_control/__init__.py -> /home/ny/ros2_ws/install/turtle_control/lib/python3.10/site-packages/turtle_control
[2.842s] byte-compiling /home/ny/ros2_ws/install/turtle_control/lib/python3.10/site-packages/turtle_control/turtle_controller_node.py to turtle_controller_node.cpython-310.pyc
[2.842s] byte-compiling /home/ny/ros2_ws/install/turtle_control/lib/python3.10/site-packages/turtle_control/__init__.py to __init__.cpython-310.pyc
[2.842s] running install_data
[2.842s] copying resource/turtle_control -> /home/ny/ros2_ws/install/turtle_control/share/ament_index/resource_index/packages
[2.842s] copying package.xml -> /home/ny/ros2_ws/install/turtle_control/share/turtle_control
[2.842s] running install_egg_info
[2.848s] Copying ../../build/turtle_control/turtle_control.egg-info to /home/ny/ros2_ws/install/turtle_control/lib/python3.10/site-packages/turtle_control-0.0.0-py3.10.egg-info
[2.848s] running install_scripts
[2.881s] Installing turtle_control_node script to /home/ny/ros2_ws/install/turtle_control/lib/turtle_control
[2.883s] writing list of installed files to '/home/ny/ros2_ws/build/turtle_control/install.log'
[2.943s] Invoked command in '/home/ny/ros2_ws/src/turtle_control' returned '0': PYTHONPATH=/home/ny/ros2_ws/build/turtle_control/prefix_override:/usr/lib/python3/dist-packages/colcon_core/task/python/colcon_distutils_commands:/home/ny/ros2_ws/install/turtle_control/lib/python3.10/site-packages:${PYTHONPATH} /usr/bin/python3 -W ignore:setup.py install is deprecated -W ignore:easy_install command is deprecated setup.py egg_info --egg-base ../../build/turtle_control build --build-base /home/ny/ros2_ws/build/turtle_control/build install --record /home/ny/ros2_ws/build/turtle_control/install.log --single-version-externally-managed install_data --force
