[2.140s] Invoking command in '/home/ny/ros2_ws/src/turtle_decision': PYTHONPATH=/home/ny/ros2_ws/build/turtle_decision/prefix_override:/usr/lib/python3/dist-packages/colcon_core/task/python/colcon_distutils_commands:/home/ny/ros2_ws/install/turtle_decision/lib/python3.10/site-packages:${PYTHONPATH} /usr/bin/python3 -W ignore:setup.py install is deprecated -W ignore:easy_install command is deprecated setup.py egg_info --egg-base ../../build/turtle_decision build --build-base /home/ny/ros2_ws/build/turtle_decision/build install --record /home/ny/ros2_ws/build/turtle_decision/install.log --single-version-externally-managed install_data
[2.599s] running egg_info
[2.599s] creating ../../build/turtle_decision/turtle_decision.egg-info
[2.599s] writing ../../build/turtle_decision/turtle_decision.egg-info/PKG-INFO
[2.600s] writing dependency_links to ../../build/turtle_decision/turtle_decision.egg-info/dependency_links.txt
[2.600s] writing entry points to ../../build/turtle_decision/turtle_decision.egg-info/entry_points.txt
[2.605s] writing requirements to ../../build/turtle_decision/turtle_decision.egg-info/requires.txt
[2.605s] writing top-level names to ../../build/turtle_decision/turtle_decision.egg-info/top_level.txt
[2.605s] writing manifest file '../../build/turtle_decision/turtle_decision.egg-info/SOURCES.txt'
[2.608s] reading manifest file '../../build/turtle_decision/turtle_decision.egg-info/SOURCES.txt'
[2.608s] writing manifest file '../../build/turtle_decision/turtle_decision.egg-info/SOURCES.txt'
[2.608s] running build
[2.609s] running build_py
[2.609s] creating /home/ny/ros2_ws/build/turtle_decision/build
[2.609s] creating /home/ny/ros2_ws/build/turtle_decision/build/lib
[2.610s] creating /home/ny/ros2_ws/build/turtle_decision/build/lib/turtle_decision
[2.610s] copying turtle_decision/__init__.py -> /home/ny/ros2_ws/build/turtle_decision/build/lib/turtle_decision
[2.610s] copying turtle_decision/target_selector_node.py -> /home/ny/ros2_ws/build/turtle_decision/build/lib/turtle_decision
[2.610s] running install
[2.610s] running install_lib
[2.610s] creating /home/ny/ros2_ws/install/turtle_decision/lib/python3.10/site-packages/turtle_decision
[2.610s] copying /home/ny/ros2_ws/build/turtle_decision/build/lib/turtle_decision/__init__.py -> /home/ny/ros2_ws/install/turtle_decision/lib/python3.10/site-packages/turtle_decision
[2.611s] copying /home/ny/ros2_ws/build/turtle_decision/build/lib/turtle_decision/target_selector_node.py -> /home/ny/ros2_ws/install/turtle_decision/lib/python3.10/site-packages/turtle_decision
[2.612s] byte-compiling /home/ny/ros2_ws/install/turtle_decision/lib/python3.10/site-packages/turtle_decision/__init__.py to __init__.cpython-310.pyc
[2.612s] byte-compiling /home/ny/ros2_ws/install/turtle_decision/lib/python3.10/site-packages/turtle_decision/target_selector_node.py to target_selector_node.cpython-310.pyc
[2.614s] running install_data
[2.616s] creating /home/ny/ros2_ws/install/turtle_decision/share/ament_index
[2.616s] creating /home/ny/ros2_ws/install/turtle_decision/share/ament_index/resource_index
[2.616s] creating /home/ny/ros2_ws/install/turtle_decision/share/ament_index/resource_index/packages
[2.617s] copying resource/turtle_decision -> /home/ny/ros2_ws/install/turtle_decision/share/ament_index/resource_index/packages
[2.617s] copying package.xml -> /home/ny/ros2_ws/install/turtle_decision/share/turtle_decision
[2.617s] running install_egg_info
[2.617s] Copying ../../build/turtle_decision/turtle_decision.egg-info to /home/ny/ros2_ws/install/turtle_decision/lib/python3.10/site-packages/turtle_decision-0.0.0-py3.10.egg-info
[2.619s] running install_scripts
[2.652s] Installing target_selector_node script to /home/ny/ros2_ws/install/turtle_decision/lib/turtle_decision
[2.653s] writing list of installed files to '/home/ny/ros2_ws/build/turtle_decision/install.log'
[2.725s] Invoked command in '/home/ny/ros2_ws/src/turtle_decision' returned '0': PYTHONPATH=/home/ny/ros2_ws/build/turtle_decision/prefix_override:/usr/lib/python3/dist-packages/colcon_core/task/python/colcon_distutils_commands:/home/ny/ros2_ws/install/turtle_decision/lib/python3.10/site-packages:${PYTHONPATH} /usr/bin/python3 -W ignore:setup.py install is deprecated -W ignore:easy_install command is deprecated setup.py egg_info --egg-base ../../build/turtle_decision build --build-base /home/ny/ros2_ws/build/turtle_decision/build install --record /home/ny/ros2_ws/build/turtle_decision/install.log --single-version-externally-managed install_data
