[2.167s] Invoking command in '/home/ny/ros2_ws/src/turtle_decision': PYTHONPATH=/home/ny/ros2_ws/build/turtle_decision/prefix_override:/usr/lib/python3/dist-packages/colcon_core/task/python/colcon_distutils_commands:/home/ny/ros2_ws/install/turtle_decision/lib/python3.10/site-packages:${PYTHONPATH} /usr/bin/python3 -W ignore:setup.py install is deprecated -W ignore:easy_install command is deprecated setup.py egg_info --egg-base ../../build/turtle_decision build --build-base /home/ny/ros2_ws/build/turtle_decision/build install --record /home/ny/ros2_ws/build/turtle_decision/install.log --single-version-externally-managed install_data
[2.588s] running egg_info
[2.589s] creating ../../build/turtle_decision/turtle_decision.egg-info
[2.590s] writing ../../build/turtle_decision/turtle_decision.egg-info/PKG-INFO
[2.590s] writing dependency_links to ../../build/turtle_decision/turtle_decision.egg-info/dependency_links.txt
[2.591s] writing entry points to ../../build/turtle_decision/turtle_decision.egg-info/entry_points.txt
[2.593s] writing requirements to ../../build/turtle_decision/turtle_decision.egg-info/requires.txt
[2.593s] writing top-level names to ../../build/turtle_decision/turtle_decision.egg-info/top_level.txt
[2.598s] writing manifest file '../../build/turtle_decision/turtle_decision.egg-info/SOURCES.txt'
[2.599s] reading manifest file '../../build/turtle_decision/turtle_decision.egg-info/SOURCES.txt'
[2.599s] writing manifest file '../../build/turtle_decision/turtle_decision.egg-info/SOURCES.txt'
[2.599s] running build
[2.599s] running build_py
[2.600s] creating /home/ny/ros2_ws/build/turtle_decision/build
[2.600s] creating /home/ny/ros2_ws/build/turtle_decision/build/lib
[2.600s] creating /home/ny/ros2_ws/build/turtle_decision/build/lib/turtle_decision
[2.600s] copying turtle_decision/__init__.py -> /home/ny/ros2_ws/build/turtle_decision/build/lib/turtle_decision
[2.600s] copying turtle_decision/target_selector_node.py -> /home/ny/ros2_ws/build/turtle_decision/build/lib/turtle_decision
[2.600s] running install
[2.603s] running install_lib
[2.604s] creating /home/ny/ros2_ws/install/turtle_decision/lib/python3.10/site-packages/turtle_decision
[2.604s] copying /home/ny/ros2_ws/build/turtle_decision/build/lib/turtle_decision/__init__.py -> /home/ny/ros2_ws/install/turtle_decision/lib/python3.10/site-packages/turtle_decision
[2.604s] copying /home/ny/ros2_ws/build/turtle_decision/build/lib/turtle_decision/target_selector_node.py -> /home/ny/ros2_ws/install/turtle_decision/lib/python3.10/site-packages/turtle_decision
[2.604s] byte-compiling /home/ny/ros2_ws/install/turtle_decision/lib/python3.10/site-packages/turtle_decision/__init__.py to __init__.cpython-310.pyc
[2.605s] byte-compiling /home/ny/ros2_ws/install/turtle_decision/lib/python3.10/site-packages/turtle_decision/target_selector_node.py to target_selector_node.cpython-310.pyc
[2.605s] running install_data
[2.606s] creating /home/ny/ros2_ws/install/turtle_decision/share/ament_index
[2.606s] creating /home/ny/ros2_ws/install/turtle_decision/share/ament_index/resource_index
[2.606s] creating /home/ny/ros2_ws/install/turtle_decision/share/ament_index/resource_index/packages
[2.606s] copying resource/turtle_decision -> /home/ny/ros2_ws/install/turtle_decision/share/ament_index/resource_index/packages
[2.606s] copying package.xml -> /home/ny/ros2_ws/install/turtle_decision/share/turtle_decision
[2.607s] running install_egg_info
[2.610s] Copying ../../build/turtle_decision/turtle_decision.egg-info to /home/ny/ros2_ws/install/turtle_decision/lib/python3.10/site-packages/turtle_decision-0.0.0-py3.10.egg-info
[2.613s] running install_scripts
[2.657s] Installing target_selector_node script to /home/ny/ros2_ws/install/turtle_decision/lib/turtle_decision
[2.657s] writing list of installed files to '/home/ny/ros2_ws/build/turtle_decision/install.log'
[2.701s] Invoked command in '/home/ny/ros2_ws/src/turtle_decision' returned '0': PYTHONPATH=/home/ny/ros2_ws/build/turtle_decision/prefix_override:/usr/lib/python3/dist-packages/colcon_core/task/python/colcon_distutils_commands:/home/ny/ros2_ws/install/turtle_decision/lib/python3.10/site-packages:${PYTHONPATH} /usr/bin/python3 -W ignore:setup.py install is deprecated -W ignore:easy_install command is deprecated setup.py egg_info --egg-base ../../build/turtle_decision build --build-base /home/ny/ros2_ws/build/turtle_decision/build install --record /home/ny/ros2_ws/build/turtle_decision/install.log --single-version-externally-managed install_data
