[0.857s] Invoking command in '/home/ny/ros2_ws/build/turtle_spawner': PYTHONPATH=/home/ny/ros2_ws/build/turtle_spawner/prefix_override:/usr/lib/python3/dist-packages/colcon_core/task/python/colcon_distutils_commands:/home/ny/ros2_ws/install/turtle_spawner/lib/python3.10/site-packages:${PYTHONPATH} /usr/bin/python3 -W ignore:setup.py install is deprecated -W ignore:easy_install command is deprecated setup.py develop --editable --build-directory /home/ny/ros2_ws/build/turtle_spawner/build --no-deps symlink_data --force
[1.198s] running develop
[1.423s] running egg_info
[1.424s] writing turtle_spawner.egg-info/PKG-INFO
[1.424s] writing dependency_links to turtle_spawner.egg-info/dependency_links.txt
[1.424s] writing entry points to turtle_spawner.egg-info/entry_points.txt
[1.425s] writing requirements to turtle_spawner.egg-info/requires.txt
[1.425s] writing top-level names to turtle_spawner.egg-info/top_level.txt
[1.429s] reading manifest file 'turtle_spawner.egg-info/SOURCES.txt'
[1.430s] writing manifest file 'turtle_spawner.egg-info/SOURCES.txt'
[1.433s] running build_ext
[1.434s] Creating /home/ny/ros2_ws/install/turtle_spawner/lib/python3.10/site-packages/turtle-spawner.egg-link (link to .)
[1.435s] Installing turtle_spawner_node script to /home/ny/ros2_ws/install/turtle_spawner/lib/turtle_spawner
[1.437s] 
[1.437s] Installed /home/ny/ros2_ws/build/turtle_spawner
[1.438s] running symlink_data
[1.438s] symbolically linking /home/ny/ros2_ws/build/turtle_spawner/resource/turtle_spawner -> /home/ny/ros2_ws/install/turtle_spawner/share/ament_index/resource_index/packages
[1.439s] symbolically linking /home/ny/ros2_ws/build/turtle_spawner/package.xml -> /home/ny/ros2_ws/install/turtle_spawner/share/turtle_spawner
[1.439s] creating /home/ny/ros2_ws/install/turtle_spawner/share/turtle_spawner/launch
[1.487s] Invoked command in '/home/ny/ros2_ws/build/turtle_spawner' returned '0': PYTHONPATH=/home/ny/ros2_ws/build/turtle_spawner/prefix_override:/usr/lib/python3/dist-packages/colcon_core/task/python/colcon_distutils_commands:/home/ny/ros2_ws/install/turtle_spawner/lib/python3.10/site-packages:${PYTHONPATH} /usr/bin/python3 -W ignore:setup.py install is deprecated -W ignore:easy_install command is deprecated setup.py develop --editable --build-directory /home/ny/ros2_ws/build/turtle_spawner/build --no-deps symlink_data --force
