[2.171s] Invoking command in '/home/ny/ros2_ws/src/turtle_control': PYTHONPATH=/home/ny/ros2_ws/build/turtle_control/prefix_override:/usr/lib/python3/dist-packages/colcon_core/task/python/colcon_distutils_commands:/home/ny/ros2_ws/install/turtle_control/lib/python3.10/site-packages:${PYTHONPATH} /usr/bin/python3 -W ignore:setup.py install is deprecated -W ignore:easy_install command is deprecated setup.py egg_info --egg-base ../../build/turtle_control build --build-base /home/ny/ros2_ws/build/turtle_control/build install --record /home/ny/ros2_ws/build/turtle_control/install.log --single-version-externally-managed install_data
[2.685s] running egg_info
[2.688s] creating ../../build/turtle_control/turtle_control.egg-info
[2.689s] writing ../../build/turtle_control/turtle_control.egg-info/PKG-INFO
[2.692s] writing dependency_links to ../../build/turtle_control/turtle_control.egg-info/dependency_links.txt
[2.692s] writing entry points to ../../build/turtle_control/turtle_control.egg-info/entry_points.txt
[2.694s] writing requirements to ../../build/turtle_control/turtle_control.egg-info/requires.txt
[2.694s] writing top-level names to ../../build/turtle_control/turtle_control.egg-info/top_level.txt
[2.697s] writing manifest file '../../build/turtle_control/turtle_control.egg-info/SOURCES.txt'
[2.700s] reading manifest file '../../build/turtle_control/turtle_control.egg-info/SOURCES.txt'
[2.705s] writing manifest file '../../build/turtle_control/turtle_control.egg-info/SOURCES.txt'
[2.705s] running build
[2.705s] running build_py
[2.705s] creating /home/ny/ros2_ws/build/turtle_control/build
[2.705s] creating /home/ny/ros2_ws/build/turtle_control/build/lib
[2.706s] creating /home/ny/ros2_ws/build/turtle_control/build/lib/turtle_control
[2.706s] copying turtle_control/turtle_controller_node.py -> /home/ny/ros2_ws/build/turtle_control/build/lib/turtle_control
[2.711s] copying turtle_control/__init__.py -> /home/ny/ros2_ws/build/turtle_control/build/lib/turtle_control
[2.711s] running install
[2.712s] running install_lib
[2.712s] creating /home/ny/ros2_ws/install/turtle_control/lib/python3.10/site-packages/turtle_control
[2.713s] copying /home/ny/ros2_ws/build/turtle_control/build/lib/turtle_control/turtle_controller_node.py -> /home/ny/ros2_ws/install/turtle_control/lib/python3.10/site-packages/turtle_control
[2.714s] copying /home/ny/ros2_ws/build/turtle_control/build/lib/turtle_control/__init__.py -> /home/ny/ros2_ws/install/turtle_control/lib/python3.10/site-packages/turtle_control
[2.714s] byte-compiling /home/ny/ros2_ws/install/turtle_control/lib/python3.10/site-packages/turtle_control/turtle_controller_node.py to turtle_controller_node.cpython-310.pyc
[2.716s] byte-compiling /home/ny/ros2_ws/install/turtle_control/lib/python3.10/site-packages/turtle_control/__init__.py to __init__.cpython-310.pyc
[2.717s] running install_data
[2.718s] creating /home/ny/ros2_ws/install/turtle_control/share/ament_index
[2.718s] creating /home/ny/ros2_ws/install/turtle_control/share/ament_index/resource_index
[2.719s] creating /home/ny/ros2_ws/install/turtle_control/share/ament_index/resource_index/packages
[2.719s] copying resource/turtle_control -> /home/ny/ros2_ws/install/turtle_control/share/ament_index/resource_index/packages
[2.722s] copying package.xml -> /home/ny/ros2_ws/install/turtle_control/share/turtle_control
[2.722s] running install_egg_info
[2.724s] Copying ../../build/turtle_control/turtle_control.egg-info to /home/ny/ros2_ws/install/turtle_control/lib/python3.10/site-packages/turtle_control-0.0.0-py3.10.egg-info
[2.726s] running install_scripts
[2.800s] Installing turtle_controller_node script to /home/ny/ros2_ws/install/turtle_control/lib/turtle_control
[2.800s] writing list of installed files to '/home/ny/ros2_ws/build/turtle_control/install.log'
[2.867s] Invoked command in '/home/ny/ros2_ws/src/turtle_control' returned '0': PYTHONPATH=/home/ny/ros2_ws/build/turtle_control/prefix_override:/usr/lib/python3/dist-packages/colcon_core/task/python/colcon_distutils_commands:/home/ny/ros2_ws/install/turtle_control/lib/python3.10/site-packages:${PYTHONPATH} /usr/bin/python3 -W ignore:setup.py install is deprecated -W ignore:easy_install command is deprecated setup.py egg_info --egg-base ../../build/turtle_control build --build-base /home/ny/ros2_ws/build/turtle_control/build install --record /home/ny/ros2_ws/build/turtle_control/install.log --single-version-externally-managed install_data
