[1.700s] Invoking command in '/home/ny/ros2_ws/src/turtle_spawner': PYTHONPATH=/home/ny/ros2_ws/build/turtle_spawner/prefix_override:/usr/lib/python3/dist-packages/colcon_core/task/python/colcon_distutils_commands:/home/ny/ros2_ws/install/turtle_spawner/lib/python3.10/site-packages:${PYTHONPATH} /usr/bin/python3 -W ignore:setup.py install is deprecated -W ignore:easy_install command is deprecated setup.py egg_info --egg-base ../../build/turtle_spawner build --build-base /home/ny/ros2_ws/build/turtle_spawner/build install --record /home/ny/ros2_ws/build/turtle_spawner/install.log --single-version-externally-managed install_data
[2.080s] running egg_info
[2.082s] writing ../../build/turtle_spawner/turtle_spawner.egg-info/PKG-INFO
[2.083s] writing dependency_links to ../../build/turtle_spawner/turtle_spawner.egg-info/dependency_links.txt
[2.083s] writing entry points to ../../build/turtle_spawner/turtle_spawner.egg-info/entry_points.txt
[2.084s] writing requirements to ../../build/turtle_spawner/turtle_spawner.egg-info/requires.txt
[2.084s] writing top-level names to ../../build/turtle_spawner/turtle_spawner.egg-info/top_level.txt
[2.089s] reading manifest file '../../build/turtle_spawner/turtle_spawner.egg-info/SOURCES.txt'
[2.089s] writing manifest file '../../build/turtle_spawner/turtle_spawner.egg-info/SOURCES.txt'
[2.092s] running build
[2.092s] running build_py
[2.094s] copying turtle_spawner/turtle_spawner_node.py -> /home/ny/ros2_ws/build/turtle_spawner/build/lib/turtle_spawner
[2.094s] running install
[2.096s] running install_lib
[2.096s] copying /home/ny/ros2_ws/build/turtle_spawner/build/lib/turtle_spawner/turtle_spawner_node.py -> /home/ny/ros2_ws/install/turtle_spawner/lib/python3.10/site-packages/turtle_spawner
[2.099s] byte-compiling /home/ny/ros2_ws/install/turtle_spawner/lib/python3.10/site-packages/turtle_spawner/turtle_spawner_node.py to turtle_spawner_node.cpython-310.pyc
[2.099s] running install_data
[2.099s] running install_egg_info
[2.102s] removing '/home/ny/ros2_ws/install/turtle_spawner/lib/python3.10/site-packages/turtle_spawner-0.0.0-py3.10.egg-info' (and everything under it)
[2.102s] Copying ../../build/turtle_spawner/turtle_spawner.egg-info to /home/ny/ros2_ws/install/turtle_spawner/lib/python3.10/site-packages/turtle_spawner-0.0.0-py3.10.egg-info
[2.102s] running install_scripts
[2.141s] Installing spawner script to /home/ny/ros2_ws/install/turtle_spawner/lib/turtle_spawner
[2.141s] writing list of installed files to '/home/ny/ros2_ws/build/turtle_spawner/install.log'
[2.187s] Invoked command in '/home/ny/ros2_ws/src/turtle_spawner' returned '0': PYTHONPATH=/home/ny/ros2_ws/build/turtle_spawner/prefix_override:/usr/lib/python3/dist-packages/colcon_core/task/python/colcon_distutils_commands:/home/ny/ros2_ws/install/turtle_spawner/lib/python3.10/site-packages:${PYTHONPATH} /usr/bin/python3 -W ignore:setup.py install is deprecated -W ignore:easy_install command is deprecated setup.py egg_info --egg-base ../../build/turtle_spawner build --build-base /home/ny/ros2_ws/build/turtle_spawner/build install --record /home/ny/ros2_ws/build/turtle_spawner/install.log --single-version-externally-managed install_data
