[1.518s] Invoking command in '/home/ny/ros2_ws/src/turtle_control': PYTHONPATH=/home/ny/ros2_ws/build/turtle_control/prefix_override:/usr/lib/python3/dist-packages/colcon_core/task/python/colcon_distutils_commands:/home/ny/ros2_ws/install/turtle_control/lib/python3.10/site-packages:${PYTHONPATH} /usr/bin/python3 -W ignore:setup.py install is deprecated -W ignore:easy_install command is deprecated setup.py egg_info --egg-base ../../build/turtle_control build --build-base /home/ny/ros2_ws/build/turtle_control/build install --record /home/ny/ros2_ws/build/turtle_control/install.log --single-version-externally-managed install_data
[1.941s] running egg_info
[1.943s] writing ../../build/turtle_control/turtle_control.egg-info/PKG-INFO
[1.943s] writing dependency_links to ../../build/turtle_control/turtle_control.egg-info/dependency_links.txt
[1.949s] writing entry points to ../../build/turtle_control/turtle_control.egg-info/entry_points.txt
[1.949s] writing requirements to ../../build/turtle_control/turtle_control.egg-info/requires.txt
[1.950s] writing top-level names to ../../build/turtle_control/turtle_control.egg-info/top_level.txt
[1.955s] reading manifest file '../../build/turtle_control/turtle_control.egg-info/SOURCES.txt'
[1.959s] writing manifest file '../../build/turtle_control/turtle_control.egg-info/SOURCES.txt'
[1.959s] running build
[1.961s] running build_py
[1.961s] copying turtle_control/turtle_controller_node.py -> /home/ny/ros2_ws/build/turtle_control/build/lib/turtle_control
[1.961s] running install
[1.961s] running install_lib
[1.963s] copying /home/ny/ros2_ws/build/turtle_control/build/lib/turtle_control/turtle_controller_node.py -> /home/ny/ros2_ws/install/turtle_control/lib/python3.10/site-packages/turtle_control
[1.964s] byte-compiling /home/ny/ros2_ws/install/turtle_control/lib/python3.10/site-packages/turtle_control/turtle_controller_node.py to turtle_controller_node.cpython-310.pyc
[1.965s] running install_data
[1.965s] running install_egg_info
[1.968s] removing '/home/ny/ros2_ws/install/turtle_control/lib/python3.10/site-packages/turtle_control-0.0.0-py3.10.egg-info' (and everything under it)
[1.971s] Copying ../../build/turtle_control/turtle_control.egg-info to /home/ny/ros2_ws/install/turtle_control/lib/python3.10/site-packages/turtle_control-0.0.0-py3.10.egg-info
[1.972s] running install_scripts
[2.007s] Installing turtle_controller script to /home/ny/ros2_ws/install/turtle_control/lib/turtle_control
[2.009s] writing list of installed files to '/home/ny/ros2_ws/build/turtle_control/install.log'
[2.062s] Invoked command in '/home/ny/ros2_ws/src/turtle_control' returned '0': PYTHONPATH=/home/ny/ros2_ws/build/turtle_control/prefix_override:/usr/lib/python3/dist-packages/colcon_core/task/python/colcon_distutils_commands:/home/ny/ros2_ws/install/turtle_control/lib/python3.10/site-packages:${PYTHONPATH} /usr/bin/python3 -W ignore:setup.py install is deprecated -W ignore:easy_install command is deprecated setup.py egg_info --egg-base ../../build/turtle_control build --build-base /home/ny/ros2_ws/build/turtle_control/build install --record /home/ny/ros2_ws/build/turtle_control/install.log --single-version-externally-managed install_data
