running develop
Removing /home/ny/ros2_ws/install/turtle_decision/lib/python3.10/site-packages/turtle-decision.egg-link (link to .)
running egg_info
writing ../../build/turtle_decision/turtle_decision.egg-info/PKG-INFO
writing dependency_links to ../../build/turtle_decision/turtle_decision.egg-info/dependency_links.txt
writing entry points to ../../build/turtle_decision/turtle_decision.egg-info/entry_points.txt
writing requirements to ../../build/turtle_decision/turtle_decision.egg-info/requires.txt
writing top-level names to ../../build/turtle_decision/turtle_decision.egg-info/top_level.txt
reading manifest file '../../build/turtle_decision/turtle_decision.egg-info/SOURCES.txt'
writing manifest file '../../build/turtle_decision/turtle_decision.egg-info/SOURCES.txt'
running build
running build_py
copying turtle_decision/target_selector_node.py -> /home/ny/ros2_ws/build/turtle_decision/build/lib/turtle_decision
running install
running install_lib
creating /home/ny/ros2_ws/install/turtle_decision/lib/python3.10/site-packages/turtle_decision
copying /home/ny/ros2_ws/build/turtle_decision/build/lib/turtle_decision/__init__.py -> /home/ny/ros2_ws/install/turtle_decision/lib/python3.10/site-packages/turtle_decision
copying /home/ny/ros2_ws/build/turtle_decision/build/lib/turtle_decision/target_selector_node.py -> /home/ny/ros2_ws/install/turtle_decision/lib/python3.10/site-packages/turtle_decision
byte-compiling /home/ny/ros2_ws/install/turtle_decision/lib/python3.10/site-packages/turtle_decision/__init__.py to __init__.cpython-310.pyc
byte-compiling /home/ny/ros2_ws/install/turtle_decision/lib/python3.10/site-packages/turtle_decision/target_selector_node.py to target_selector_node.cpython-310.pyc
running install_data
copying resource/turtle_decision -> /home/ny/ros2_ws/install/turtle_decision/share/ament_index/resource_index/packages
copying package.xml -> /home/ny/ros2_ws/install/turtle_decision/share/turtle_decision
running install_egg_info
Copying ../../build/turtle_decision/turtle_decision.egg-info to /home/ny/ros2_ws/install/turtle_decision/lib/python3.10/site-packages/turtle_decision-0.0.0-py3.10.egg-info
running install_scripts
Installing target_selector_node script to /home/ny/ros2_ws/install/turtle_decision/lib/turtle_decision
writing list of installed files to '/home/ny/ros2_ws/build/turtle_decision/install.log'
