running egg_info
writing ../../build/turtle_control/turtle_control.egg-info/PKG-INFO
writing dependency_links to ../../build/turtle_control/turtle_control.egg-info/dependency_links.txt
writing entry points to ../../build/turtle_control/turtle_control.egg-info/entry_points.txt
writing requirements to ../../build/turtle_control/turtle_control.egg-info/requires.txt
writing top-level names to ../../build/turtle_control/turtle_control.egg-info/top_level.txt
reading manifest file '../../build/turtle_control/turtle_control.egg-info/SOURCES.txt'
writing manifest file '../../build/turtle_control/turtle_control.egg-info/SOURCES.txt'
running build
running build_py
running install
running install_lib
creating /home/yara/Desktop/catch_turtle/install/turtle_control/lib/python3.12/site-packages/turtle_control
copying /home/yara/Desktop/catch_turtle/build/turtle_control/build/lib/turtle_control/__init__.py -> /home/yara/Desktop/catch_turtle/install/turtle_control/lib/python3.12/site-packages/turtle_control
copying /home/yara/Desktop/catch_turtle/build/turtle_control/build/lib/turtle_control/turtle_controller_node.py -> /home/yara/Desktop/catch_turtle/install/turtle_control/lib/python3.12/site-packages/turtle_control
byte-compiling /home/yara/Desktop/catch_turtle/install/turtle_control/lib/python3.12/site-packages/turtle_control/__init__.py to __init__.cpython-312.pyc
byte-compiling /home/yara/Desktop/catch_turtle/install/turtle_control/lib/python3.12/site-packages/turtle_control/turtle_controller_node.py to turtle_controller_node.cpython-312.pyc
running install_data
running install_egg_info
Copying ../../build/turtle_control/turtle_control.egg-info to /home/yara/Desktop/catch_turtle/install/turtle_control/lib/python3.12/site-packages/turtle_control-0.0.0-py3.12.egg-info
running install_scripts
Installing turtle_controller script to /home/yara/Desktop/catch_turtle/install/turtle_control/lib/turtle_control
writing list of installed files to '/home/yara/Desktop/catch_turtle/build/turtle_control/install.log'
