[2.671s] Invoking command in '/home/yara/Desktop/catch_turtle/src/turtle_control': DEBUGINFOD_URLS=https://debuginfod.ubuntu.com PYTHONPATH=/home/yara/Desktop/catch_turtle/build/turtle_control/prefix_override:/usr/lib/python3/dist-packages/colcon_core/task/python/colcon_distutils_commands:/home/yara/Desktop/catch_turtle/install/turtle_control/lib/python3.12/site-packages:${PYTHONPATH} /usr/bin/python3 -W ignore:setup.py install is deprecated -W ignore:easy_install command is deprecated setup.py egg_info --egg-base ../../build/turtle_control build --build-base /home/yara/Desktop/catch_turtle/build/turtle_control/build install --record /home/yara/Desktop/catch_turtle/build/turtle_control/install.log --single-version-externally-managed install_data
[3.120s] running egg_info
[3.187s] writing ../../build/turtle_control/turtle_control.egg-info/PKG-INFO
[3.188s] writing dependency_links to ../../build/turtle_control/turtle_control.egg-info/dependency_links.txt
[3.188s] writing entry points to ../../build/turtle_control/turtle_control.egg-info/entry_points.txt
[3.188s] writing requirements to ../../build/turtle_control/turtle_control.egg-info/requires.txt
[3.189s] writing top-level names to ../../build/turtle_control/turtle_control.egg-info/top_level.txt
[3.305s] reading manifest file '../../build/turtle_control/turtle_control.egg-info/SOURCES.txt'
[3.307s] writing manifest file '../../build/turtle_control/turtle_control.egg-info/SOURCES.txt'
[3.307s] running build
[3.307s] running build_py
[3.308s] running install
[3.322s] running install_lib
[3.365s] creating /home/yara/Desktop/catch_turtle/install/turtle_control/lib/python3.12/site-packages/turtle_control
[3.365s] copying /home/yara/Desktop/catch_turtle/build/turtle_control/build/lib/turtle_control/__init__.py -> /home/yara/Desktop/catch_turtle/install/turtle_control/lib/python3.12/site-packages/turtle_control
[3.366s] copying /home/yara/Desktop/catch_turtle/build/turtle_control/build/lib/turtle_control/turtle_controller_node.py -> /home/yara/Desktop/catch_turtle/install/turtle_control/lib/python3.12/site-packages/turtle_control
[3.367s] byte-compiling /home/yara/Desktop/catch_turtle/install/turtle_control/lib/python3.12/site-packages/turtle_control/__init__.py to __init__.cpython-312.pyc
[3.368s] byte-compiling /home/yara/Desktop/catch_turtle/install/turtle_control/lib/python3.12/site-packages/turtle_control/turtle_controller_node.py to turtle_controller_node.cpython-312.pyc
[3.374s] running install_data
[3.380s] running install_egg_info
[3.428s] Copying ../../build/turtle_control/turtle_control.egg-info to /home/yara/Desktop/catch_turtle/install/turtle_control/lib/python3.12/site-packages/turtle_control-0.0.0-py3.12.egg-info
[3.441s] running install_scripts
[3.692s] Installing turtle_controller script to /home/yara/Desktop/catch_turtle/install/turtle_control/lib/turtle_control
[3.703s] writing list of installed files to '/home/yara/Desktop/catch_turtle/build/turtle_control/install.log'
[3.789s] Invoked command in '/home/yara/Desktop/catch_turtle/src/turtle_control' returned '0': DEBUGINFOD_URLS=https://debuginfod.ubuntu.com PYTHONPATH=/home/yara/Desktop/catch_turtle/build/turtle_control/prefix_override:/usr/lib/python3/dist-packages/colcon_core/task/python/colcon_distutils_commands:/home/yara/Desktop/catch_turtle/install/turtle_control/lib/python3.12/site-packages:${PYTHONPATH} /usr/bin/python3 -W ignore:setup.py install is deprecated -W ignore:easy_install command is deprecated setup.py egg_info --egg-base ../../build/turtle_control build --build-base /home/yara/Desktop/catch_turtle/build/turtle_control/build install --record /home/yara/Desktop/catch_turtle/build/turtle_control/install.log --single-version-externally-managed install_data
