[1.753s] Invoking command in '/home/ny/ros2_ws/src/turtle_decision': PYTHONPATH=/home/ny/ros2_ws/build/turtle_decision/prefix_override:/usr/lib/python3/dist-packages/colcon_core/task/python/colcon_distutils_commands:/home/ny/ros2_ws/install/turtle_decision/lib/python3.10/site-packages:${PYTHONPATH} /usr/bin/python3 -W ignore:setup.py install is deprecated -W ignore:easy_install command is deprecated setup.py egg_info --egg-base ../../build/turtle_decision build --build-base /home/ny/ros2_ws/build/turtle_decision/build install --record /home/ny/ros2_ws/build/turtle_decision/install.log --single-version-externally-managed install_data
[2.146s] running egg_info
[2.148s] writing ../../build/turtle_decision/turtle_decision.egg-info/PKG-INFO
[2.151s] writing dependency_links to ../../build/turtle_decision/turtle_decision.egg-info/dependency_links.txt
[2.151s] writing entry points to ../../build/turtle_decision/turtle_decision.egg-info/entry_points.txt
[2.151s] writing requirements to ../../build/turtle_decision/turtle_decision.egg-info/requires.txt
[2.154s] writing top-level names to ../../build/turtle_decision/turtle_decision.egg-info/top_level.txt
[2.158s] reading manifest file '../../build/turtle_decision/turtle_decision.egg-info/SOURCES.txt'
[2.162s] writing manifest file '../../build/turtle_decision/turtle_decision.egg-info/SOURCES.txt'
[2.162s] running build
[2.162s] running build_py
[2.164s] copying turtle_decision/target_selector_node.py -> /home/ny/ros2_ws/build/turtle_decision/build/lib/turtle_decision
[2.164s] running install
[2.165s] running install_lib
[2.169s] copying /home/ny/ros2_ws/build/turtle_decision/build/lib/turtle_decision/target_selector_node.py -> /home/ny/ros2_ws/install/turtle_decision/lib/python3.10/site-packages/turtle_decision
[2.170s] byte-compiling /home/ny/ros2_ws/install/turtle_decision/lib/python3.10/site-packages/turtle_decision/target_selector_node.py to target_selector_node.cpython-310.pyc
[2.170s] running install_data
[2.170s] running install_egg_info
[2.177s] removing '/home/ny/ros2_ws/install/turtle_decision/lib/python3.10/site-packages/turtle_decision-0.0.0-py3.10.egg-info' (and everything under it)
[2.177s] Copying ../../build/turtle_decision/turtle_decision.egg-info to /home/ny/ros2_ws/install/turtle_decision/lib/python3.10/site-packages/turtle_decision-0.0.0-py3.10.egg-info
[2.177s] running install_scripts
[2.208s] writing list of installed files to '/home/ny/ros2_ws/build/turtle_decision/install.log'
[2.242s] Invoked command in '/home/ny/ros2_ws/src/turtle_decision' returned '0': PYTHONPATH=/home/ny/ros2_ws/build/turtle_decision/prefix_override:/usr/lib/python3/dist-packages/colcon_core/task/python/colcon_distutils_commands:/home/ny/ros2_ws/install/turtle_decision/lib/python3.10/site-packages:${PYTHONPATH} /usr/bin/python3 -W ignore:setup.py install is deprecated -W ignore:easy_install command is deprecated setup.py egg_info --egg-base ../../build/turtle_decision build --build-base /home/ny/ros2_ws/build/turtle_decision/build install --record /home/ny/ros2_ws/build/turtle_decision/install.log --single-version-externally-managed install_data
